# JRE version: Java(TM) SE Runtime Environment (7.0_45-b18) (build 1.7.0_45-b18)
# Java VM: Java HotSpot(TM) 64-Bit Server VM (24.45-b08 mixed mode bsd-amd64 compressed oops)
Heap
 PSYoungGen      total 37376K, used 2726K [0x0000000160600000, 0x0000000163100000, 0x000000018b100000)
  eden space 32768K, 1% used [0x0000000160600000,0x0000000160691618,0x0000000162600000)
  from space 4608K, 46% used [0x0000000162c80000,0x0000000162e98570,0x0000000163100000)
  to   space 5632K, 0% used [0x0000000162600000,0x0000000162600000,0x0000000162b80000)
 ParOldGen       total 87040K, used 490K [0x000000010b100000, 0x0000000110600000, 0x0000000160600000)
  object space 87040K, 0% used [0x000000010b100000,0x000000010b17a8d8,0x0000000110600000)
 PSPermGen       total 21504K, used 9372K [0x0000000105f00000, 0x0000000107400000, 0x000000010b100000)
  object space 21504K, 43% used [0x0000000105f00000,0x0000000106827040,0x0000000107400000)
GC Heap History (10 events):
Event: 2.265 GC heap before
{Heap before GC invocations=2 (full 0):
 PSYoungGen      total 38912K, used 38376K [0x0000000160600000, 0x0000000163100000, 0x000000018b100000)
  eden space 33792K, 98% used [0x0000000160600000,0x000000016267e598,0x0000000162700000)
  from space 5120K, 99% used [0x0000000162700000,0x0000000162bfbb28,0x0000000162c00000)
  to   space 5120K, 0% used [0x0000000162c00000,0x0000000162c00000,0x0000000163100000)
 ParOldGen       total 87040K, used 434K [0x000000010b100000, 0x0000000110600000, 0x0000000160600000)
  object space 87040K, 0% used [0x000000010b100000,0x000000010b16c8c8,0x0000000110600000)
 PSPermGen       total 21504K, used 8590K [0x0000000105f00000, 0x0000000107400000, 0x000000010b100000)
  object space 21504K, 39% used [0x0000000105f00000,0x0000000106763ad8,0x0000000107400000)
Event: 2.268 GC heap after
Heap after GC invocations=2 (full 0):
 PSYoungGen      total 38912K, used 2574K [0x0000000160600000, 0x0000000163100000, 0x000000018b100000)
  eden space 33792K, 0% used [0x0000000160600000,0x0000000160600000,0x0000000162700000)
  from space 5120K, 50% used [0x0000000162c00000,0x0000000162e838b0,0x0000000163100000)
  to   space 5120K, 0% used [0x0000000162700000,0x0000000162700000,0x0000000162c00000)
 ParOldGen       total 87040K, used 434K [0x000000010b100000, 0x0000000110600000, 0x0000000160600000)
  object space 87040K, 0% used [0x000000010b100000,0x000000010b16c8c8,0x0000000110600000)
 PSPermGen       total 21504K, used 8590K [0x0000000105f00000, 0x0000000107400000, 0x000000010b100000)
  object space 21504K, 39% used [0x0000000105f00000,0x0000000106763ad8,0x0000000107400000)
}
Event: 6.223 GC heap before
{Heap before GC invocations=3 (full 0):
 PSYoungGen      total 38912K, used 36366K [0x0000000160600000, 0x0000000163100000, 0x000000018b100000)
  eden space 33792K, 100% used [0x0000000160600000,0x0000000162700000,0x0000000162700000)
  from space 5120K, 50% used [0x0000000162c00000,0x0000000162e838b0,0x0000000163100000)
  to   space 5120K, 0% used [0x0000000162700000,0x0000000162700000,0x0000000162c00000)
 ParOldGen       total 87040K, used 434K [0x000000010b100000, 0x0000000110600000, 0x0000000160600000)
  object space 87040K, 0% used [0x000000010b100000,0x000000010b16c8c8,0x0000000110600000)
 PSPermGen       total 21504K, used 9306K [0x0000000105f00000, 0x0000000107400000, 0x000000010b100000)
  object space 21504K, 43% used [0x0000000105f00000,0x0000000106816bc8,0x0000000107400000)
Event: 6.226 GC heap after
Heap after GC invocations=3 (full 0):
 PSYoungGen      total 38912K, used 2360K [0x0000000160600000, 0x0000000163100000, 0x000000018b100000)
  eden space 33792K, 0% used [0x0000000160600000,0x0000000160600000,0x0000000162700000)
  from space 5120K, 46% used [0x0000000162700000,0x000000016294e050,0x0000000162c00000)
  to   space 5120K, 0% used [0x0000000162c00000,0x0000000162c00000,0x0000000163100000)
 ParOldGen       total 87040K, used 442K [0x000000010b100000, 0x0000000110600000, 0x0000000160600000)
  object space 87040K, 0% used [0x000000010b100000,0x000000010b16e8c8,0x0000000110600000)
 PSPermGen       total 21504K, used 9306K [0x0000000105f00000, 0x0000000107400000, 0x000000010b100000)
  object space 21504K, 43% used [0x0000000105f00000,0x0000000106816bc8,0x0000000107400000)
}
Event: 9.707 GC heap before
{Heap before GC invocations=4 (full 0):
 PSYoungGen      total 38912K, used 36152K [0x0000000160600000, 0x0000000163100000, 0x000000018b100000)
  eden space 33792K, 100% used [0x0000000160600000,0x0000000162700000,0x0000000162700000)
  from space 5120K, 46% used [0x0000000162700000,0x000000016294e050,0x0000000162c00000)
  to   space 5120K, 0% used [0x0000000162c00000,0x0000000162c00000,0x0000000163100000)
 ParOldGen       total 87040K, used 442K [0x000000010b100000, 0x0000000110600000, 0x0000000160600000)
  object space 87040K, 0% used [0x000000010b100000,0x000000010b16e8c8,0x0000000110600000)
 PSPermGen       total 21504K, used 9332K [0x0000000105f00000, 0x0000000107400000, 0x000000010b100000)
  object space 21504K, 43% used [0x0000000105f00000,0x000000010681d108,0x0000000107400000)
Event: 9.710 GC heap after
Heap after GC invocations=4 (full 0):
 PSYoungGen      total 38912K, used 2136K [0x0000000160600000, 0x0000000163100000, 0x000000018b100000)
  eden space 33792K, 0% used [0x0000000160600000,0x0000000160600000,0x0000000162700000)
  from space 5120K, 41% used [0x0000000162c00000,0x0000000162e16250,0x0000000163100000)
  to   space 5120K, 0% used [0x0000000162700000,0x0000000162700000,0x0000000162c00000)
 ParOldGen       total 87040K, used 482K [0x000000010b100000, 0x0000000110600000, 0x0000000160600000)
  object space 87040K, 0% used [0x000000010b100000,0x000000010b1788d8,0x0000000110600000)
 PSPermGen       total 21504K, used 9332K [0x0000000105f00000, 0x0000000107400000, 0x000000010b100000)
  object space 21504K, 43% used [0x0000000105f00000,0x000000010681d108,0x0000000107400000)
}
Event: 13.216 GC heap before
{Heap before GC invocations=5 (full 0):
 PSYoungGen      total 38912K, used 35928K [0x0000000160600000, 0x0000000163100000, 0x000000018b100000)
  eden space 33792K, 100% used [0x0000000160600000,0x0000000162700000,0x0000000162700000)
  from space 5120K, 41% used [0x0000000162c00000,0x0000000162e16250,0x0000000163100000)
  to   space 5120K, 0% used [0x0000000162700000,0x0000000162700000,0x0000000162c00000)
 ParOldGen       total 87040K, used 482K [0x000000010b100000, 0x0000000110600000, 0x0000000160600000)
  object space 87040K, 0% used [0x000000010b100000,0x000000010b1788d8,0x0000000110600000)
 PSPermGen       total 21504K, used 9361K [0x0000000105f00000, 0x0000000107400000, 0x000000010b100000)
  object space 21504K, 43% used [0x0000000105f00000,0x00000001068245f8,0x0000000107400000)
Event: 13.218 GC heap after
Heap after GC invocations=5 (full 0):
 PSYoungGen      total 38400K, used 2072K [0x0000000160600000, 0x0000000163280000, 0x000000018b100000)
  eden space 33280K, 0% used [0x0000000160600000,0x0000000160600000,0x0000000162680000)
  from space 5120K, 40% used [0x0000000162700000,0x0000000162906240,0x0000000162c00000)
  to   space 6144K, 0% used [0x0000000162c80000,0x0000000162c80000,0x0000000163280000)
 ParOldGen       total 87040K, used 490K [0x000000010b100000, 0x0000000110600000, 0x0000000160600000)
  object space 87040K, 0% used [0x000000010b100000,0x000000010b17a8d8,0x0000000110600000)
 PSPermGen       total 21504K, used 9361K [0x0000000105f00000, 0x0000000107400000, 0x000000010b100000)
  object space 21504K, 43% used [0x0000000105f00000,0x00000001068245f8,0x0000000107400000)
}
Event: 15.972 GC heap before
{Heap before GC invocations=6 (full 0):
 PSYoungGen      total 38400K, used 35352K [0x0000000160600000, 0x0000000163280000, 0x000000018b100000)
  eden space 33280K, 100% used [0x0000000160600000,0x0000000162680000,0x0000000162680000)
  from space 5120K, 40% used [0x0000000162700000,0x0000000162906240,0x0000000162c00000)
  to   space 6144K, 0% used [0x0000000162c80000,0x0000000162c80000,0x0000000163280000)
 ParOldGen       total 87040K, used 490K [0x000000010b100000, 0x0000000110600000, 0x0000000160600000)
  object space 87040K, 0% used [0x000000010b100000,0x000000010b17a8d8,0x0000000110600000)
 PSPermGen       total 21504K, used 9372K [0x0000000105f00000, 0x0000000107400000, 0x000000010b100000)
  object space 21504K, 43% used [0x0000000105f00000,0x0000000106827040,0x0000000107400000)
Event: 15.975 GC heap after
Heap after GC invocations=6 (full 0):
 PSYoungGen      total 37376K, used 2145K [0x0000000160600000, 0x0000000163100000, 0x000000018b100000)
  eden space 32768K, 0% used [0x0000000160600000,0x0000000160600000,0x0000000162600000)
  from space 4608K, 46% used [0x0000000162c80000,0x0000000162e98570,0x0000000163100000)
  to   space 5632K, 0% used [0x0000000162600000,0x0000000162600000,0x0000000162b80000)
 ParOldGen       total 87040K, used 490K [0x000000010b100000, 0x0000000110600000, 0x0000000160600000)
  object space 87040K, 0% used [0x000000010b100000,0x000000010b17a8d8,0x0000000110600000)
 PSPermGen       total 21504K, used 9372K [0x0000000105f00000, 0x0000000107400000, 0x000000010b100000)
  object space 21504K, 43% used [0x0000000105f00000,0x0000000106827040,0x0000000107400000)
}

