# JRE version: Java(TM) SE Runtime Environment (7.0_45-b18) (build 1.7.0_45-b18)
# Java VM: Java HotSpot(TM) 64-Bit Server VM (24.45-b08 mixed mode bsd-amd64 compressed oops)
Heap
 PSYoungGen      total 38400K, used 2738K [0x000000016b500000, 0x000000016e180000, 0x0000000196000000)
  eden space 33280K, 1% used [0x000000016b500000,0x000000016b584e90,0x000000016d580000)
  from space 5120K, 43% used [0x000000016d600000,0x000000016d827d48,0x000000016db00000)
  to   space 6144K, 0% used [0x000000016db80000,0x000000016db80000,0x000000016e180000)
 ParOldGen       total 87040K, used 433K [0x0000000116000000, 0x000000011b500000, 0x000000016b500000)
  object space 87040K, 0% used [0x0000000116000000,0x000000011606c700,0x000000011b500000)
 PSPermGen       total 21504K, used 9681K [0x0000000110e00000, 0x0000000112300000, 0x0000000116000000)
  object space 21504K, 45% used [0x0000000110e00000,0x0000000111774768,0x0000000112300000)
GC Heap History (10 events):
Event: 2.012 GC heap before
{Heap before GC invocations=1 (full 0):
 PSYoungGen      total 38912K, used 32897K [0x000000016b500000, 0x000000016e000000, 0x0000000196000000)
  eden space 33792K, 97% used [0x000000016b500000,0x000000016d520648,0x000000016d600000)
  from space 5120K, 0% used [0x000000016db00000,0x000000016db00000,0x000000016e000000)
  to   space 5120K, 0% used [0x000000016d600000,0x000000016d600000,0x000000016db00000)
 ParOldGen       total 87040K, used 0K [0x0000000116000000, 0x000000011b500000, 0x000000016b500000)
  object space 87040K, 0% used [0x0000000116000000,0x0000000116000000,0x000000011b500000)
 PSPermGen       total 21504K, used 8586K [0x0000000110e00000, 0x0000000112300000, 0x0000000116000000)
  object space 21504K, 39% used [0x0000000110e00000,0x0000000111662ae0,0x0000000112300000)
Event: 2.016 GC heap after
Heap after GC invocations=1 (full 0):
 PSYoungGen      total 38912K, used 5100K [0x000000016b500000, 0x000000016e000000, 0x0000000196000000)
  eden space 33792K, 0% used [0x000000016b500000,0x000000016b500000,0x000000016d600000)
  from space 5120K, 99% used [0x000000016d600000,0x000000016dafb020,0x000000016db00000)
  to   space 5120K, 0% used [0x000000016db00000,0x000000016db00000,0x000000016e000000)
 ParOldGen       total 87040K, used 417K [0x0000000116000000, 0x000000011b500000, 0x000000016b500000)
  object space 87040K, 0% used [0x0000000116000000,0x0000000116068700,0x000000011b500000)
 PSPermGen       total 21504K, used 8586K [0x0000000110e00000, 0x0000000112300000, 0x0000000116000000)
  object space 21504K, 39% used [0x0000000110e00000,0x0000000111662ae0,0x0000000112300000)
}
Event: 2.376 GC heap before
{Heap before GC invocations=2 (full 0):
 PSYoungGen      total 38912K, used 38373K [0x000000016b500000, 0x000000016e000000, 0x0000000196000000)
  eden space 33792K, 98% used [0x000000016b500000,0x000000016d57e428,0x000000016d600000)
  from space 5120K, 99% used [0x000000016d600000,0x000000016dafb020,0x000000016db00000)
  to   space 5120K, 0% used [0x000000016db00000,0x000000016db00000,0x000000016e000000)
 ParOldGen       total 87040K, used 417K [0x0000000116000000, 0x000000011b500000, 0x000000016b500000)
  object space 87040K, 0% used [0x0000000116000000,0x0000000116068700,0x000000011b500000)
 PSPermGen       total 21504K, used 8590K [0x0000000110e00000, 0x0000000112300000, 0x0000000116000000)
  object space 21504K, 39% used [0x0000000110e00000,0x0000000111663870,0x0000000112300000)
Event: 2.379 GC heap after
Heap after GC invocations=2 (full 0):
 PSYoungGen      total 38912K, used 2542K [0x000000016b500000, 0x000000016e000000, 0x0000000196000000)
  eden space 33792K, 0% used [0x000000016b500000,0x000000016b500000,0x000000016d600000)
  from space 5120K, 49% used [0x000000016db00000,0x000000016dd7b8a0,0x000000016e000000)
  to   space 5120K, 0% used [0x000000016d600000,0x000000016d600000,0x000000016db00000)
 ParOldGen       total 87040K, used 417K [0x0000000116000000, 0x000000011b500000, 0x000000016b500000)
  object space 87040K, 0% used [0x0000000116000000,0x0000000116068700,0x000000011b500000)
 PSPermGen       total 21504K, used 8590K [0x0000000110e00000, 0x0000000112300000, 0x0000000116000000)
  object space 21504K, 39% used [0x0000000110e00000,0x0000000111663870,0x0000000112300000)
}
Event: 271.809 GC heap before
{Heap before GC invocations=3 (full 0):
 PSYoungGen      total 38912K, used 36334K [0x000000016b500000, 0x000000016e000000, 0x0000000196000000)
  eden space 33792K, 100% used [0x000000016b500000,0x000000016d600000,0x000000016d600000)
  from space 5120K, 49% used [0x000000016db00000,0x000000016dd7b8a0,0x000000016e000000)
  to   space 5120K, 0% used [0x000000016d600000,0x000000016d600000,0x000000016db00000)
 ParOldGen       total 87040K, used 417K [0x0000000116000000, 0x000000011b500000, 0x000000016b500000)
  object space 87040K, 0% used [0x0000000116000000,0x0000000116068700,0x000000011b500000)
 PSPermGen       total 21504K, used 9668K [0x0000000110e00000, 0x0000000112300000, 0x0000000116000000)
  object space 21504K, 44% used [0x0000000110e00000,0x00000001117711a0,0x0000000112300000)
Event: 271.814 GC heap after
Heap after GC invocations=3 (full 0):
 PSYoungGen      total 38912K, used 3536K [0x000000016b500000, 0x000000016e000000, 0x0000000196000000)
  eden space 33792K, 0% used [0x000000016b500000,0x000000016b500000,0x000000016d600000)
  from space 5120K, 69% used [0x000000016d600000,0x000000016d974280,0x000000016db00000)
  to   space 5120K, 0% used [0x000000016db00000,0x000000016db00000,0x000000016e000000)
 ParOldGen       total 87040K, used 425K [0x0000000116000000, 0x000000011b500000, 0x000000016b500000)
  object space 87040K, 0% used [0x0000000116000000,0x000000011606a700,0x000000011b500000)
 PSPermGen       total 21504K, used 9668K [0x0000000110e00000, 0x0000000112300000, 0x0000000116000000)
  object space 21504K, 44% used [0x0000000110e00000,0x00000001117711a0,0x0000000112300000)
}
Event: 1672.726 GC heap before
{Heap before GC invocations=4 (full 0):
 PSYoungGen      total 38912K, used 37328K [0x000000016b500000, 0x000000016e000000, 0x0000000196000000)
  eden space 33792K, 100% used [0x000000016b500000,0x000000016d600000,0x000000016d600000)
  from space 5120K, 69% used [0x000000016d600000,0x000000016d974280,0x000000016db00000)
  to   space 5120K, 0% used [0x000000016db00000,0x000000016db00000,0x000000016e000000)
 ParOldGen       total 87040K, used 425K [0x0000000116000000, 0x000000011b500000, 0x000000016b500000)
  object space 87040K, 0% used [0x0000000116000000,0x000000011606a700,0x000000011b500000)
 PSPermGen       total 21504K, used 9674K [0x0000000110e00000, 0x0000000112300000, 0x0000000116000000)
  object space 21504K, 44% used [0x0000000110e00000,0x0000000111772b18,0x0000000112300000)
Event: 1672.729 GC heap after
Heap after GC invocations=4 (full 0):
 PSYoungGen      total 38912K, used 2036K [0x000000016b500000, 0x000000016e000000, 0x0000000196000000)
  eden space 33792K, 0% used [0x000000016b500000,0x000000016b500000,0x000000016d600000)
  from space 5120K, 39% used [0x000000016db00000,0x000000016dcfd360,0x000000016e000000)
  to   space 5120K, 0% used [0x000000016d600000,0x000000016d600000,0x000000016db00000)
 ParOldGen       total 87040K, used 425K [0x0000000116000000, 0x000000011b500000, 0x000000016b500000)
  object space 87040K, 0% used [0x0000000116000000,0x000000011606a700,0x000000011b500000)
 PSPermGen       total 21504K, used 9674K [0x0000000110e00000, 0x0000000112300000, 0x0000000116000000)
  object space 21504K, 44% used [0x0000000110e00000,0x0000000111772b18,0x0000000112300000)
}
Event: 2640.948 GC heap before
{Heap before GC invocations=5 (full 0):
 PSYoungGen      total 38912K, used 35828K [0x000000016b500000, 0x000000016e000000, 0x0000000196000000)
  eden space 33792K, 100% used [0x000000016b500000,0x000000016d600000,0x000000016d600000)
  from space 5120K, 39% used [0x000000016db00000,0x000000016dcfd360,0x000000016e000000)
  to   space 5120K, 0% used [0x000000016d600000,0x000000016d600000,0x000000016db00000)
 ParOldGen       total 87040K, used 425K [0x0000000116000000, 0x000000011b500000, 0x000000016b500000)
  object space 87040K, 0% used [0x0000000116000000,0x000000011606a700,0x000000011b500000)
 PSPermGen       total 21504K, used 9681K [0x0000000110e00000, 0x0000000112300000, 0x0000000116000000)
  object space 21504K, 45% used [0x0000000110e00000,0x0000000111774768,0x0000000112300000)
Event: 2640.951 GC heap after
Heap after GC invocations=5 (full 0):
 PSYoungGen      total 38400K, used 2207K [0x000000016b500000, 0x000000016e180000, 0x0000000196000000)
  eden space 33280K, 0% used [0x000000016b500000,0x000000016b500000,0x000000016d580000)
  from space 5120K, 43% used [0x000000016d600000,0x000000016d827d48,0x000000016db00000)
  to   space 6144K, 0% used [0x000000016db80000,0x000000016db80000,0x000000016e180000)
 ParOldGen       total 87040K, used 433K [0x0000000116000000, 0x000000011b500000, 0x000000016b500000)
  object space 87040K, 0% used [0x0000000116000000,0x000000011606c700,0x000000011b500000)
 PSPermGen       total 21504K, used 9681K [0x0000000110e00000, 0x0000000112300000, 0x0000000116000000)
  object space 21504K, 45% used [0x0000000110e00000,0x0000000111774768,0x0000000112300000)
}

