# JRE version: Java(TM) SE Runtime Environment (7.0_45-b18) (build 1.7.0_45-b18)
# Java VM: Java HotSpot(TM) 64-Bit Server VM (24.45-b08 mixed mode bsd-amd64 compressed oops)
Heap
 PSYoungGen      total 33280K, used 1300K [0x00000007d5500000, 0x00000007d7f80000, 0x0000000800000000)
  eden space 32256K, 1% used [0x00000007d5500000,0x00000007d558f1c8,0x00000007d7480000)
  from space 1024K, 71% used [0x00000007d7500000,0x00000007d75b61d8,0x00000007d7600000)
  to   space 5632K, 0% used [0x00000007d7a00000,0x00000007d7a00000,0x00000007d7f80000)
 ParOldGen       total 87040K, used 1911K [0x0000000780000000, 0x0000000785500000, 0x00000007d5500000)
  object space 87040K, 2% used [0x0000000780000000,0x00000007801dde58,0x0000000785500000)
 PSPermGen       total 21504K, used 9383K [0x000000077ae00000, 0x000000077c300000, 0x0000000780000000)
  object space 21504K, 43% used [0x000000077ae00000,0x000000077b729ce8,0x000000077c300000)
GC Heap History (10 events):
Event: 6.336 GC heap before
{Heap before GC invocations=3 (full 0):
 PSYoungGen      total 38912K, used 36350K [0x00000007d5500000, 0x00000007d8000000, 0x0000000800000000)
  eden space 33792K, 100% used [0x00000007d5500000,0x00000007d7600000,0x00000007d7600000)
  from space 5120K, 49% used [0x00000007d7b00000,0x00000007d7d7f8b0,0x00000007d8000000)
  to   space 5120K, 0% used [0x00000007d7600000,0x00000007d7600000,0x00000007d7b00000)
 ParOldGen       total 87040K, used 466K [0x0000000780000000, 0x0000000785500000, 0x00000007d5500000)
  object space 87040K, 0% used [0x0000000780000000,0x00000007800748d8,0x0000000785500000)
 PSPermGen       total 21504K, used 9303K [0x000000077ae00000, 0x000000077c300000, 0x0000000780000000)
  object space 21504K, 43% used [0x000000077ae00000,0x000000077b715d00,0x000000077c300000)
Event: 6.339 GC heap after
Heap after GC invocations=3 (full 0):
 PSYoungGen      total 38912K, used 2317K [0x00000007d5500000, 0x00000007d8000000, 0x0000000800000000)
  eden space 33792K, 0% used [0x00000007d5500000,0x00000007d5500000,0x00000007d7600000)
  from space 5120K, 45% used [0x00000007d7600000,0x00000007d78435b8,0x00000007d7b00000)
  to   space 5120K, 0% used [0x00000007d7b00000,0x00000007d7b00000,0x00000007d8000000)
 ParOldGen       total 87040K, used 474K [0x0000000780000000, 0x0000000785500000, 0x00000007d5500000)
  object space 87040K, 0% used [0x0000000780000000,0x00000007800768d8,0x0000000785500000)
 PSPermGen       total 21504K, used 9303K [0x000000077ae00000, 0x000000077c300000, 0x0000000780000000)
  object space 21504K, 43% used [0x000000077ae00000,0x000000077b715d00,0x000000077c300000)
}
Event: 9.821 GC heap before
{Heap before GC invocations=4 (full 0):
 PSYoungGen      total 38912K, used 36109K [0x00000007d5500000, 0x00000007d8000000, 0x0000000800000000)
  eden space 33792K, 100% used [0x00000007d5500000,0x00000007d7600000,0x00000007d7600000)
  from space 5120K, 45% used [0x00000007d7600000,0x00000007d78435b8,0x00000007d7b00000)
  to   space 5120K, 0% used [0x00000007d7b00000,0x00000007d7b00000,0x00000007d8000000)
 ParOldGen       total 87040K, used 474K [0x0000000780000000, 0x0000000785500000, 0x00000007d5500000)
  object space 87040K, 0% used [0x0000000780000000,0x00000007800768d8,0x0000000785500000)
 PSPermGen       total 21504K, used 9334K [0x000000077ae00000, 0x000000077c300000, 0x0000000780000000)
  object space 21504K, 43% used [0x000000077ae00000,0x000000077b71d848,0x000000077c300000)
Event: 9.824 GC heap after
Heap after GC invocations=4 (full 0):
 PSYoungGen      total 38912K, used 2120K [0x00000007d5500000, 0x00000007d8000000, 0x0000000800000000)
  eden space 33792K, 0% used [0x00000007d5500000,0x00000007d5500000,0x00000007d7600000)
  from space 5120K, 41% used [0x00000007d7b00000,0x00000007d7d12250,0x00000007d8000000)
  to   space 5120K, 0% used [0x00000007d7600000,0x00000007d7600000,0x00000007d7b00000)
 ParOldGen       total 87040K, used 482K [0x0000000780000000, 0x0000000785500000, 0x00000007d5500000)
  object space 87040K, 0% used [0x0000000780000000,0x00000007800788d8,0x0000000785500000)
 PSPermGen       total 21504K, used 9334K [0x000000077ae00000, 0x000000077c300000, 0x0000000780000000)
  object space 21504K, 43% used [0x000000077ae00000,0x000000077b71d848,0x000000077c300000)
}
Event: 13.376 GC heap before
{Heap before GC invocations=5 (full 0):
 PSYoungGen      total 38912K, used 35912K [0x00000007d5500000, 0x00000007d8000000, 0x0000000800000000)
  eden space 33792K, 100% used [0x00000007d5500000,0x00000007d7600000,0x00000007d7600000)
  from space 5120K, 41% used [0x00000007d7b00000,0x00000007d7d12250,0x00000007d8000000)
  to   space 5120K, 0% used [0x00000007d7600000,0x00000007d7600000,0x00000007d7b00000)
 ParOldGen       total 87040K, used 482K [0x0000000780000000, 0x0000000785500000, 0x00000007d5500000)
  object space 87040K, 0% used [0x0000000780000000,0x00000007800788d8,0x0000000785500000)
 PSPermGen       total 21504K, used 9362K [0x000000077ae00000, 0x000000077c300000, 0x0000000780000000)
  object space 21504K, 43% used [0x000000077ae00000,0x000000077b724ab0,0x000000077c300000)
Event: 13.379 GC heap after
Heap after GC invocations=5 (full 0):
 PSYoungGen      total 38400K, used 2120K [0x00000007d5500000, 0x00000007d8180000, 0x0000000800000000)
  eden space 33280K, 0% used [0x00000007d5500000,0x00000007d5500000,0x00000007d7580000)
  from space 5120K, 41% used [0x00000007d7600000,0x00000007d7812250,0x00000007d7b00000)
  to   space 6144K, 0% used [0x00000007d7b80000,0x00000007d7b80000,0x00000007d8180000)
 ParOldGen       total 87040K, used 490K [0x0000000780000000, 0x0000000785500000, 0x00000007d5500000)
  object space 87040K, 0% used [0x0000000780000000,0x000000078007a8d8,0x0000000785500000)
 PSPermGen       total 21504K, used 9362K [0x000000077ae00000, 0x000000077c300000, 0x0000000780000000)
  object space 21504K, 43% used [0x000000077ae00000,0x000000077b724ab0,0x000000077c300000)
}
Event: 17.713 GC heap before
{Heap before GC invocations=6 (full 0):
 PSYoungGen      total 38400K, used 35400K [0x00000007d5500000, 0x00000007d8180000, 0x0000000800000000)
  eden space 33280K, 100% used [0x00000007d5500000,0x00000007d7580000,0x00000007d7580000)
  from space 5120K, 41% used [0x00000007d7600000,0x00000007d7812250,0x00000007d7b00000)
  to   space 6144K, 0% used [0x00000007d7b80000,0x00000007d7b80000,0x00000007d8180000)
 ParOldGen       total 87040K, used 490K [0x0000000780000000, 0x0000000785500000, 0x00000007d5500000)
  object space 87040K, 0% used [0x0000000780000000,0x000000078007a8d8,0x0000000785500000)
 PSPermGen       total 21504K, used 9372K [0x000000077ae00000, 0x000000077c300000, 0x0000000780000000)
  object space 21504K, 43% used [0x000000077ae00000,0x000000077b7271e8,0x000000077c300000)
Event: 17.716 GC heap after
Heap after GC invocations=6 (full 0):
 PSYoungGen      total 37376K, used 2006K [0x00000007d5500000, 0x00000007d8000000, 0x0000000800000000)
  eden space 32768K, 0% used [0x00000007d5500000,0x00000007d5500000,0x00000007d7500000)
  from space 4608K, 43% used [0x00000007d7b80000,0x00000007d7d75ae0,0x00000007d8000000)
  to   space 5632K, 0% used [0x00000007d7500000,0x00000007d7500000,0x00000007d7a80000)
 ParOldGen       total 87040K, used 498K [0x0000000780000000, 0x0000000785500000, 0x00000007d5500000)
  object space 87040K, 0% used [0x0000000780000000,0x000000078007c8d8,0x0000000785500000)
 PSPermGen       total 21504K, used 9372K [0x000000077ae00000, 0x000000077c300000, 0x0000000780000000)
  object space 21504K, 43% used [0x000000077ae00000,0x000000077b7271e8,0x000000077c300000)
}
Event: 20.844 GC heap before
{Heap before GC invocations=7 (full 0):
 PSYoungGen      total 37376K, used 34774K [0x00000007d5500000, 0x00000007d8000000, 0x0000000800000000)
  eden space 32768K, 100% used [0x00000007d5500000,0x00000007d7500000,0x00000007d7500000)
  from space 4608K, 43% used [0x00000007d7b80000,0x00000007d7d75ae0,0x00000007d8000000)
  to   space 5632K, 0% used [0x00000007d7500000,0x00000007d7500000,0x00000007d7a80000)
 ParOldGen       total 87040K, used 498K [0x0000000780000000, 0x0000000785500000, 0x00000007d5500000)
  object space 87040K, 0% used [0x0000000780000000,0x000000078007c8d8,0x0000000785500000)
 PSPermGen       total 21504K, used 9383K [0x000000077ae00000, 0x000000077c300000, 0x0000000780000000)
  object space 21504K, 43% used [0x000000077ae00000,0x000000077b729ce8,0x000000077c300000)
Event: 20.846 GC heap after
Heap after GC invocations=7 (full 0):
 PSYoungGen      total 33280K, used 728K [0x00000007d5500000, 0x00000007d7f80000, 0x0000000800000000)
  eden space 32256K, 0% used [0x00000007d5500000,0x00000007d5500000,0x00000007d7480000)
  from space 1024K, 71% used [0x00000007d7500000,0x00000007d75b61d8,0x00000007d7600000)
  to   space 5632K, 0% used [0x00000007d7a00000,0x00000007d7a00000,0x00000007d7f80000)
 ParOldGen       total 87040K, used 1911K [0x0000000780000000, 0x0000000785500000, 0x00000007d5500000)
  object space 87040K, 2% used [0x0000000780000000,0x00000007801dde58,0x0000000785500000)
 PSPermGen       total 21504K, used 9383K [0x000000077ae00000, 0x000000077c300000, 0x0000000780000000)
  object space 21504K, 43% used [0x000000077ae00000,0x000000077b729ce8,0x000000077c300000)
}

