# JRE version: Java(TM) SE Runtime Environment (7.0_45-b18) (build 1.7.0_45-b18)
# Java VM: Java HotSpot(TM) 64-Bit Server VM (24.45-b08 mixed mode bsd-amd64 compressed oops)
Heap
 PSYoungGen      total 37376K, used 1463K [0x00000007d5500000, 0x00000007d7f80000, 0x0000000800000000)
  eden space 32256K, 0% used [0x00000007d5500000,0x00000007d554d250,0x00000007d7480000)
  from space 5120K, 22% used [0x00000007d7500000,0x00000007d7620c90,0x00000007d7a00000)
  to   space 5632K, 0% used [0x00000007d7a00000,0x00000007d7a00000,0x00000007d7f80000)
 ParOldGen       total 87040K, used 1915K [0x0000000780000000, 0x0000000785500000, 0x00000007d5500000)
  object space 87040K, 2% used [0x0000000780000000,0x00000007801dee68,0x0000000785500000)
 PSPermGen       total 21504K, used 9403K [0x000000077ae00000, 0x000000077c300000, 0x0000000780000000)
  object space 21504K, 43% used [0x000000077ae00000,0x000000077b72ede0,0x000000077c300000)
GC Heap History (10 events):
Event: 5.854 GC heap before
{Heap before GC invocations=3 (full 0):
 PSYoungGen      total 38912K, used 36318K [0x00000007d5500000, 0x00000007d8000000, 0x0000000800000000)
  eden space 33792K, 100% used [0x00000007d5500000,0x00000007d7600000,0x00000007d7600000)
  from space 5120K, 49% used [0x00000007d7b00000,0x00000007d7d778b0,0x00000007d8000000)
  to   space 5120K, 0% used [0x00000007d7600000,0x00000007d7600000,0x00000007d7b00000)
 ParOldGen       total 87040K, used 466K [0x0000000780000000, 0x0000000785500000, 0x00000007d5500000)
  object space 87040K, 0% used [0x0000000780000000,0x00000007800748d8,0x0000000785500000)
 PSPermGen       total 21504K, used 9307K [0x000000077ae00000, 0x000000077c300000, 0x0000000780000000)
  object space 21504K, 43% used [0x000000077ae00000,0x000000077b716f40,0x000000077c300000)
Event: 5.856 GC heap after
Heap after GC invocations=3 (full 0):
 PSYoungGen      total 38912K, used 2290K [0x00000007d5500000, 0x00000007d8000000, 0x0000000800000000)
  eden space 33792K, 0% used [0x00000007d5500000,0x00000007d5500000,0x00000007d7600000)
  from space 5120K, 44% used [0x00000007d7600000,0x00000007d783cb08,0x00000007d7b00000)
  to   space 5120K, 0% used [0x00000007d7b00000,0x00000007d7b00000,0x00000007d8000000)
 ParOldGen       total 87040K, used 474K [0x0000000780000000, 0x0000000785500000, 0x00000007d5500000)
  object space 87040K, 0% used [0x0000000780000000,0x00000007800768d8,0x0000000785500000)
 PSPermGen       total 21504K, used 9307K [0x000000077ae00000, 0x000000077c300000, 0x0000000780000000)
  object space 21504K, 43% used [0x000000077ae00000,0x000000077b716f40,0x000000077c300000)
}
Event: 9.178 GC heap before
{Heap before GC invocations=4 (full 0):
 PSYoungGen      total 38912K, used 36082K [0x00000007d5500000, 0x00000007d8000000, 0x0000000800000000)
  eden space 33792K, 100% used [0x00000007d5500000,0x00000007d7600000,0x00000007d7600000)
  from space 5120K, 44% used [0x00000007d7600000,0x00000007d783cb08,0x00000007d7b00000)
  to   space 5120K, 0% used [0x00000007d7b00000,0x00000007d7b00000,0x00000007d8000000)
 ParOldGen       total 87040K, used 474K [0x0000000780000000, 0x0000000785500000, 0x00000007d5500000)
  object space 87040K, 0% used [0x0000000780000000,0x00000007800768d8,0x0000000785500000)
 PSPermGen       total 21504K, used 9343K [0x000000077ae00000, 0x000000077c300000, 0x0000000780000000)
  object space 21504K, 43% used [0x000000077ae00000,0x000000077b71ffe8,0x000000077c300000)
Event: 9.183 GC heap after
Heap after GC invocations=4 (full 0):
 PSYoungGen      total 38912K, used 2840K [0x00000007d5500000, 0x00000007d8000000, 0x0000000800000000)
  eden space 33792K, 0% used [0x00000007d5500000,0x00000007d5500000,0x00000007d7600000)
  from space 5120K, 55% used [0x00000007d7b00000,0x00000007d7dc6240,0x00000007d8000000)
  to   space 5120K, 0% used [0x00000007d7600000,0x00000007d7600000,0x00000007d7b00000)
 ParOldGen       total 87040K, used 482K [0x0000000780000000, 0x0000000785500000, 0x00000007d5500000)
  object space 87040K, 0% used [0x0000000780000000,0x00000007800788d8,0x0000000785500000)
 PSPermGen       total 21504K, used 9343K [0x000000077ae00000, 0x000000077c300000, 0x0000000780000000)
  object space 21504K, 43% used [0x000000077ae00000,0x000000077b71ffe8,0x000000077c300000)
}
Event: 12.503 GC heap before
{Heap before GC invocations=5 (full 0):
 PSYoungGen      total 38912K, used 36632K [0x00000007d5500000, 0x00000007d8000000, 0x0000000800000000)
  eden space 33792K, 100% used [0x00000007d5500000,0x00000007d7600000,0x00000007d7600000)
  from space 5120K, 55% used [0x00000007d7b00000,0x00000007d7dc6240,0x00000007d8000000)
  to   space 5120K, 0% used [0x00000007d7600000,0x00000007d7600000,0x00000007d7b00000)
 ParOldGen       total 87040K, used 482K [0x0000000780000000, 0x0000000785500000, 0x00000007d5500000)
  object space 87040K, 0% used [0x0000000780000000,0x00000007800788d8,0x0000000785500000)
 PSPermGen       total 21504K, used 9379K [0x000000077ae00000, 0x000000077c300000, 0x0000000780000000)
  object space 21504K, 43% used [0x000000077ae00000,0x000000077b728f58,0x000000077c300000)
Event: 12.507 GC heap after
Heap after GC invocations=5 (full 0):
 PSYoungGen      total 38400K, used 2808K [0x00000007d5500000, 0x00000007d8080000, 0x0000000800000000)
  eden space 33280K, 0% used [0x00000007d5500000,0x00000007d5500000,0x00000007d7580000)
  from space 5120K, 54% used [0x00000007d7600000,0x00000007d78be240,0x00000007d7b00000)
  to   space 5632K, 0% used [0x00000007d7b00000,0x00000007d7b00000,0x00000007d8080000)
 ParOldGen       total 87040K, used 490K [0x0000000780000000, 0x0000000785500000, 0x00000007d5500000)
  object space 87040K, 0% used [0x0000000780000000,0x000000078007a8d8,0x0000000785500000)
 PSPermGen       total 21504K, used 9379K [0x000000077ae00000, 0x000000077c300000, 0x0000000780000000)
  object space 21504K, 43% used [0x000000077ae00000,0x000000077b728f58,0x000000077c300000)
}
Event: 15.894 GC heap before
{Heap before GC invocations=6 (full 0):
 PSYoungGen      total 38400K, used 36088K [0x00000007d5500000, 0x00000007d8080000, 0x0000000800000000)
  eden space 33280K, 100% used [0x00000007d5500000,0x00000007d7580000,0x00000007d7580000)
  from space 5120K, 54% used [0x00000007d7600000,0x00000007d78be240,0x00000007d7b00000)
  to   space 5632K, 0% used [0x00000007d7b00000,0x00000007d7b00000,0x00000007d8080000)
 ParOldGen       total 87040K, used 490K [0x0000000780000000, 0x0000000785500000, 0x00000007d5500000)
  object space 87040K, 0% used [0x0000000780000000,0x000000078007a8d8,0x0000000785500000)
 PSPermGen       total 21504K, used 9400K [0x000000077ae00000, 0x000000077c300000, 0x0000000780000000)
  object space 21504K, 43% used [0x000000077ae00000,0x000000077b72e0b0,0x000000077c300000)
Event: 15.898 GC heap after
Heap after GC invocations=6 (full 0):
 PSYoungGen      total 36864K, used 2950K [0x00000007d5500000, 0x00000007d7f00000, 0x0000000800000000)
  eden space 32768K, 0% used [0x00000007d5500000,0x00000007d5500000,0x00000007d7500000)
  from space 4096K, 72% used [0x00000007d7b00000,0x00000007d7de1ad0,0x00000007d7f00000)
  to   space 5120K, 0% used [0x00000007d7500000,0x00000007d7500000,0x00000007d7a00000)
 ParOldGen       total 87040K, used 498K [0x0000000780000000, 0x0000000785500000, 0x00000007d5500000)
  object space 87040K, 0% used [0x0000000780000000,0x000000078007c8d8,0x0000000785500000)
 PSPermGen       total 21504K, used 9400K [0x000000077ae00000, 0x000000077c300000, 0x0000000780000000)
  object space 21504K, 43% used [0x000000077ae00000,0x000000077b72e0b0,0x000000077c300000)
}
Event: 18.513 GC heap before
{Heap before GC invocations=7 (full 0):
 PSYoungGen      total 36864K, used 35718K [0x00000007d5500000, 0x00000007d7f00000, 0x0000000800000000)
  eden space 32768K, 100% used [0x00000007d5500000,0x00000007d7500000,0x00000007d7500000)
  from space 4096K, 72% used [0x00000007d7b00000,0x00000007d7de1ad0,0x00000007d7f00000)
  to   space 5120K, 0% used [0x00000007d7500000,0x00000007d7500000,0x00000007d7a00000)
 ParOldGen       total 87040K, used 498K [0x0000000780000000, 0x0000000785500000, 0x00000007d5500000)
  object space 87040K, 0% used [0x0000000780000000,0x000000078007c8d8,0x0000000785500000)
 PSPermGen       total 21504K, used 9403K [0x000000077ae00000, 0x000000077c300000, 0x0000000780000000)
  object space 21504K, 43% used [0x000000077ae00000,0x000000077b72edc0,0x000000077c300000)
Event: 18.517 GC heap after
Heap after GC invocations=7 (full 0):
 PSYoungGen      total 37376K, used 1155K [0x00000007d5500000, 0x00000007d7f80000, 0x0000000800000000)
  eden space 32256K, 0% used [0x00000007d5500000,0x00000007d5500000,0x00000007d7480000)
  from space 5120K, 22% used [0x00000007d7500000,0x00000007d7620c90,0x00000007d7a00000)
  to   space 5632K, 0% used [0x00000007d7a00000,0x00000007d7a00000,0x00000007d7f80000)
 ParOldGen       total 87040K, used 1915K [0x0000000780000000, 0x0000000785500000, 0x00000007d5500000)
  object space 87040K, 2% used [0x0000000780000000,0x00000007801dee68,0x0000000785500000)
 PSPermGen       total 21504K, used 9403K [0x000000077ae00000, 0x000000077c300000, 0x0000000780000000)
  object space 21504K, 43% used [0x000000077ae00000,0x000000077b72edc0,0x000000077c300000)
}

