# JRE version: Java(TM) SE Runtime Environment (7.0_45-b18) (build 1.7.0_45-b18)
# Java VM: Java HotSpot(TM) 64-Bit Server VM (24.45-b08 mixed mode bsd-amd64 compressed oops)
Heap
 PSYoungGen      total 37888K, used 2876K [0x00000007d5500000, 0x00000007d8000000, 0x0000000800000000)
  eden space 32768K, 1% used [0x00000007d5500000,0x00000007d55a17d8,0x00000007d7500000)
  from space 5120K, 43% used [0x00000007d7b00000,0x00000007d7d2da78,0x00000007d8000000)
  to   space 5632K, 0% used [0x00000007d7500000,0x00000007d7500000,0x00000007d7a80000)
 ParOldGen       total 87040K, used 469K [0x0000000780000000, 0x0000000785500000, 0x00000007d5500000)
  object space 87040K, 0% used [0x0000000780000000,0x0000000780075690,0x0000000785500000)
 PSPermGen       total 21504K, used 9397K [0x000000077ae00000, 0x000000077c300000, 0x0000000780000000)
  object space 21504K, 43% used [0x000000077ae00000,0x000000077b72d7c8,0x000000077c300000)
GC Heap History (10 events):
Event: 2.241 GC heap before
{Heap before GC invocations=2 (full 0):
 PSYoungGen      total 38912K, used 38376K [0x00000007d5500000, 0x00000007d8000000, 0x0000000800000000)
  eden space 33792K, 98% used [0x00000007d5500000,0x00000007d757e5a0,0x00000007d7600000)
  from space 5120K, 99% used [0x00000007d7600000,0x00000007d7afbb38,0x00000007d7b00000)
  to   space 5120K, 0% used [0x00000007d7b00000,0x00000007d7b00000,0x00000007d8000000)
 ParOldGen       total 87040K, used 437K [0x0000000780000000, 0x0000000785500000, 0x00000007d5500000)
  object space 87040K, 0% used [0x0000000780000000,0x000000078006d690,0x0000000785500000)
 PSPermGen       total 21504K, used 8588K [0x000000077ae00000, 0x000000077c300000, 0x0000000780000000)
  object space 21504K, 39% used [0x000000077ae00000,0x000000077b663118,0x000000077c300000)
Event: 2.244 GC heap after
Heap after GC invocations=2 (full 0):
 PSYoungGen      total 38912K, used 2526K [0x00000007d5500000, 0x00000007d8000000, 0x0000000800000000)
  eden space 33792K, 0% used [0x00000007d5500000,0x00000007d5500000,0x00000007d7600000)
  from space 5120K, 49% used [0x00000007d7b00000,0x00000007d7d778b0,0x00000007d8000000)
  to   space 5120K, 0% used [0x00000007d7600000,0x00000007d7600000,0x00000007d7b00000)
 ParOldGen       total 87040K, used 437K [0x0000000780000000, 0x0000000785500000, 0x00000007d5500000)
  object space 87040K, 0% used [0x0000000780000000,0x000000078006d690,0x0000000785500000)
 PSPermGen       total 21504K, used 8588K [0x000000077ae00000, 0x000000077c300000, 0x0000000780000000)
  object space 21504K, 39% used [0x000000077ae00000,0x000000077b663118,0x000000077c300000)
}
Event: 8.443 GC heap before
{Heap before GC invocations=3 (full 0):
 PSYoungGen      total 38912K, used 36318K [0x00000007d5500000, 0x00000007d8000000, 0x0000000800000000)
  eden space 33792K, 100% used [0x00000007d5500000,0x00000007d7600000,0x00000007d7600000)
  from space 5120K, 49% used [0x00000007d7b00000,0x00000007d7d778b0,0x00000007d8000000)
  to   space 5120K, 0% used [0x00000007d7600000,0x00000007d7600000,0x00000007d7b00000)
 ParOldGen       total 87040K, used 437K [0x0000000780000000, 0x0000000785500000, 0x00000007d5500000)
  object space 87040K, 0% used [0x0000000780000000,0x000000078006d690,0x0000000785500000)
 PSPermGen       total 21504K, used 9316K [0x000000077ae00000, 0x000000077c300000, 0x0000000780000000)
  object space 21504K, 43% used [0x000000077ae00000,0x000000077b7192a0,0x000000077c300000)
Event: 8.446 GC heap after
Heap after GC invocations=3 (full 0):
 PSYoungGen      total 38912K, used 2514K [0x00000007d5500000, 0x00000007d8000000, 0x0000000800000000)
  eden space 33792K, 0% used [0x00000007d5500000,0x00000007d5500000,0x00000007d7600000)
  from space 5120K, 49% used [0x00000007d7600000,0x00000007d7874b10,0x00000007d7b00000)
  to   space 5120K, 0% used [0x00000007d7b00000,0x00000007d7b00000,0x00000007d8000000)
 ParOldGen       total 87040K, used 445K [0x0000000780000000, 0x0000000785500000, 0x00000007d5500000)
  object space 87040K, 0% used [0x0000000780000000,0x000000078006f690,0x0000000785500000)
 PSPermGen       total 21504K, used 9316K [0x000000077ae00000, 0x000000077c300000, 0x0000000780000000)
  object space 21504K, 43% used [0x000000077ae00000,0x000000077b7192a0,0x000000077c300000)
}
Event: 15.553 GC heap before
{Heap before GC invocations=4 (full 0):
 PSYoungGen      total 38912K, used 36306K [0x00000007d5500000, 0x00000007d8000000, 0x0000000800000000)
  eden space 33792K, 100% used [0x00000007d5500000,0x00000007d7600000,0x00000007d7600000)
  from space 5120K, 49% used [0x00000007d7600000,0x00000007d7874b10,0x00000007d7b00000)
  to   space 5120K, 0% used [0x00000007d7b00000,0x00000007d7b00000,0x00000007d8000000)
 ParOldGen       total 87040K, used 445K [0x0000000780000000, 0x0000000785500000, 0x00000007d5500000)
  object space 87040K, 0% used [0x0000000780000000,0x000000078006f690,0x0000000785500000)
 PSPermGen       total 21504K, used 9364K [0x000000077ae00000, 0x000000077c300000, 0x0000000780000000)
  object space 21504K, 43% used [0x000000077ae00000,0x000000077b725138,0x000000077c300000)
Event: 15.557 GC heap after
Heap after GC invocations=4 (full 0):
 PSYoungGen      total 38912K, used 2376K [0x00000007d5500000, 0x00000007d8000000, 0x0000000800000000)
  eden space 33792K, 0% used [0x00000007d5500000,0x00000007d5500000,0x00000007d7600000)
  from space 5120K, 46% used [0x00000007d7b00000,0x00000007d7d52250,0x00000007d8000000)
  to   space 5120K, 0% used [0x00000007d7600000,0x00000007d7600000,0x00000007d7b00000)
 ParOldGen       total 87040K, used 453K [0x0000000780000000, 0x0000000785500000, 0x00000007d5500000)
  object space 87040K, 0% used [0x0000000780000000,0x0000000780071690,0x0000000785500000)
 PSPermGen       total 21504K, used 9364K [0x000000077ae00000, 0x000000077c300000, 0x0000000780000000)
  object space 21504K, 43% used [0x000000077ae00000,0x000000077b725138,0x000000077c300000)
}
Event: 22.333 GC heap before
{Heap before GC invocations=5 (full 0):
 PSYoungGen      total 38912K, used 36168K [0x00000007d5500000, 0x00000007d8000000, 0x0000000800000000)
  eden space 33792K, 100% used [0x00000007d5500000,0x00000007d7600000,0x00000007d7600000)
  from space 5120K, 46% used [0x00000007d7b00000,0x00000007d7d52250,0x00000007d8000000)
  to   space 5120K, 0% used [0x00000007d7600000,0x00000007d7600000,0x00000007d7b00000)
 ParOldGen       total 87040K, used 453K [0x0000000780000000, 0x0000000785500000, 0x00000007d5500000)
  object space 87040K, 0% used [0x0000000780000000,0x0000000780071690,0x0000000785500000)
 PSPermGen       total 21504K, used 9382K [0x000000077ae00000, 0x000000077c300000, 0x0000000780000000)
  object space 21504K, 43% used [0x000000077ae00000,0x000000077b729978,0x000000077c300000)
Event: 22.336 GC heap after
Heap after GC invocations=5 (full 0):
 PSYoungGen      total 38400K, used 2488K [0x00000007d5500000, 0x00000007d8080000, 0x0000000800000000)
  eden space 33280K, 0% used [0x00000007d5500000,0x00000007d5500000,0x00000007d7580000)
  from space 5120K, 48% used [0x00000007d7600000,0x00000007d786e240,0x00000007d7b00000)
  to   space 5632K, 0% used [0x00000007d7b00000,0x00000007d7b00000,0x00000007d8080000)
 ParOldGen       total 87040K, used 461K [0x0000000780000000, 0x0000000785500000, 0x00000007d5500000)
  object space 87040K, 0% used [0x0000000780000000,0x0000000780073690,0x0000000785500000)
 PSPermGen       total 21504K, used 9382K [0x000000077ae00000, 0x000000077c300000, 0x0000000780000000)
  object space 21504K, 43% used [0x000000077ae00000,0x000000077b729978,0x000000077c300000)
}
Event: 27.357 GC heap before
{Heap before GC invocations=6 (full 0):
 PSYoungGen      total 38400K, used 35768K [0x00000007d5500000, 0x00000007d8080000, 0x0000000800000000)
  eden space 33280K, 100% used [0x00000007d5500000,0x00000007d7580000,0x00000007d7580000)
  from space 5120K, 48% used [0x00000007d7600000,0x00000007d786e240,0x00000007d7b00000)
  to   space 5632K, 0% used [0x00000007d7b00000,0x00000007d7b00000,0x00000007d8080000)
 ParOldGen       total 87040K, used 461K [0x0000000780000000, 0x0000000785500000, 0x00000007d5500000)
  object space 87040K, 0% used [0x0000000780000000,0x0000000780073690,0x0000000785500000)
 PSPermGen       total 21504K, used 9397K [0x000000077ae00000, 0x000000077c300000, 0x0000000780000000)
  object space 21504K, 43% used [0x000000077ae00000,0x000000077b72d7c8,0x000000077c300000)
Event: 27.360 GC heap after
Heap after GC invocations=6 (full 0):
 PSYoungGen      total 37888K, used 2230K [0x00000007d5500000, 0x00000007d8000000, 0x0000000800000000)
  eden space 32768K, 0% used [0x00000007d5500000,0x00000007d5500000,0x00000007d7500000)
  from space 5120K, 43% used [0x00000007d7b00000,0x00000007d7d2da78,0x00000007d8000000)
  to   space 5632K, 0% used [0x00000007d7500000,0x00000007d7500000,0x00000007d7a80000)
 ParOldGen       total 87040K, used 469K [0x0000000780000000, 0x0000000785500000, 0x00000007d5500000)
  object space 87040K, 0% used [0x0000000780000000,0x0000000780075690,0x0000000785500000)
 PSPermGen       total 21504K, used 9397K [0x000000077ae00000, 0x000000077c300000, 0x0000000780000000)
  object space 21504K, 43% used [0x000000077ae00000,0x000000077b72d7c8,0x000000077c300000)
}

