# JRE version: Java(TM) SE Runtime Environment (7.0_45-b18) (build 1.7.0_45-b18)
# Java VM: Java HotSpot(TM) 64-Bit Server VM (24.45-b08 mixed mode bsd-amd64 compressed oops)
Heap
 PSYoungGen      total 24576K, used 21238K [0x00000007d5500000, 0x00000007dd900000, 0x0000000800000000)
  eden space 24064K, 88% used [0x00000007d5500000,0x00000007d69bdaf8,0x00000007d6c80000)
  from space 512K, 0% used [0x00000007dd800000,0x00000007dd800000,0x00000007dd880000)
  to   space 512K, 0% used [0x00000007dd880000,0x00000007dd880000,0x00000007dd900000)
 ParOldGen       total 43520K, used 9849K [0x0000000780000000, 0x0000000782a80000, 0x00000007d5500000)
  object space 43520K, 22% used [0x0000000780000000,0x000000078099e7d8,0x0000000782a80000)
 PSPermGen       total 21504K, used 9523K [0x000000077ae00000, 0x000000077c300000, 0x0000000780000000)
  object space 21504K, 44% used [0x000000077ae00000,0x000000077b74cdb8,0x000000077c300000)
GC Heap History (10 events):
Event: 3337.656 GC heap before
{Heap before GC invocations=4478 (full 0):
 PSYoungGen      total 24576K, used 24192K [0x00000007d5500000, 0x00000007dd900000, 0x0000000800000000)
  eden space 24064K, 100% used [0x00000007d5500000,0x00000007d6c80000,0x00000007d6c80000)
  from space 512K, 25% used [0x00000007dd800000,0x00000007dd820000,0x00000007dd880000)
  to   space 512K, 0% used [0x00000007dd880000,0x00000007dd880000,0x00000007dd900000)
 ParOldGen       total 87040K, used 86933K [0x0000000780000000, 0x0000000785500000, 0x00000007d5500000)
  object space 87040K, 99% used [0x0000000780000000,0x00000007854e5578,0x0000000785500000)
 PSPermGen       total 21504K, used 9528K [0x000000077ae00000, 0x000000077c300000, 0x0000000780000000)
  object space 21504K, 44% used [0x000000077ae00000,0x000000077b74e158,0x000000077c300000)
Event: 3337.657 GC heap after
Heap after GC invocations=4478 (full 0):
 PSYoungGen      total 24576K, used 128K [0x00000007d5500000, 0x00000007dd900000, 0x0000000800000000)
  eden space 24064K, 0% used [0x00000007d5500000,0x00000007d5500000,0x00000007d6c80000)
  from space 512K, 25% used [0x00000007dd880000,0x00000007dd8a0000,0x00000007dd900000)
  to   space 512K, 0% used [0x00000007dd800000,0x00000007dd800000,0x00000007dd880000)
 ParOldGen       total 87040K, used 86949K [0x0000000780000000, 0x0000000785500000, 0x00000007d5500000)
  object space 87040K, 99% used [0x0000000780000000,0x00000007854e9578,0x0000000785500000)
 PSPermGen       total 21504K, used 9528K [0x000000077ae00000, 0x000000077c300000, 0x0000000780000000)
  object space 21504K, 44% used [0x000000077ae00000,0x000000077b74e158,0x000000077c300000)
}
Event: 3337.756 GC heap before
{Heap before GC invocations=4479 (full 0):
 PSYoungGen      total 24576K, used 24192K [0x00000007d5500000, 0x00000007dd900000, 0x0000000800000000)
  eden space 24064K, 100% used [0x00000007d5500000,0x00000007d6c80000,0x00000007d6c80000)
  from space 512K, 25% used [0x00000007dd880000,0x00000007dd8a0000,0x00000007dd900000)
  to   space 512K, 0% used [0x00000007dd800000,0x00000007dd800000,0x00000007dd880000)
 ParOldGen       total 87040K, used 86949K [0x0000000780000000, 0x0000000785500000, 0x00000007d5500000)
  object space 87040K, 99% used [0x0000000780000000,0x00000007854e9578,0x0000000785500000)
 PSPermGen       total 21504K, used 9528K [0x000000077ae00000, 0x000000077c300000, 0x0000000780000000)
  object space 21504K, 44% used [0x000000077ae00000,0x000000077b74e158,0x000000077c300000)
Event: 3337.757 GC heap after
Heap after GC invocations=4479 (full 0):
 PSYoungGen      total 24576K, used 96K [0x00000007d5500000, 0x00000007dd900000, 0x0000000800000000)
  eden space 24064K, 0% used [0x00000007d5500000,0x00000007d5500000,0x00000007d6c80000)
  from space 512K, 18% used [0x00000007dd800000,0x00000007dd818000,0x00000007dd880000)
  to   space 512K, 0% used [0x00000007dd880000,0x00000007dd880000,0x00000007dd900000)
 ParOldGen       total 87040K, used 86973K [0x0000000780000000, 0x0000000785500000, 0x00000007d5500000)
  object space 87040K, 99% used [0x0000000780000000,0x00000007854ef578,0x0000000785500000)
 PSPermGen       total 21504K, used 9528K [0x000000077ae00000, 0x000000077c300000, 0x0000000780000000)
  object space 21504K, 44% used [0x000000077ae00000,0x000000077b74e158,0x000000077c300000)
}
Event: 3337.889 GC heap before
{Heap before GC invocations=4480 (full 0):
 PSYoungGen      total 24576K, used 24160K [0x00000007d5500000, 0x00000007dd900000, 0x0000000800000000)
  eden space 24064K, 100% used [0x00000007d5500000,0x00000007d6c80000,0x00000007d6c80000)
  from space 512K, 18% used [0x00000007dd800000,0x00000007dd818000,0x00000007dd880000)
  to   space 512K, 0% used [0x00000007dd880000,0x00000007dd880000,0x00000007dd900000)
 ParOldGen       total 87040K, used 86973K [0x0000000780000000, 0x0000000785500000, 0x00000007d5500000)
  object space 87040K, 99% used [0x0000000780000000,0x00000007854ef578,0x0000000785500000)
 PSPermGen       total 21504K, used 9528K [0x000000077ae00000, 0x000000077c300000, 0x0000000780000000)
  object space 21504K, 44% used [0x000000077ae00000,0x000000077b74e158,0x000000077c300000)
Event: 3337.890 GC heap after
Heap after GC invocations=4480 (full 0):
 PSYoungGen      total 24576K, used 128K [0x00000007d5500000, 0x00000007dd900000, 0x0000000800000000)
  eden space 24064K, 0% used [0x00000007d5500000,0x00000007d5500000,0x00000007d6c80000)
  from space 512K, 25% used [0x00000007dd880000,0x00000007dd8a0000,0x00000007dd900000)
  to   space 512K, 0% used [0x00000007dd800000,0x00000007dd800000,0x00000007dd880000)
 ParOldGen       total 87040K, used 86997K [0x0000000780000000, 0x0000000785500000, 0x00000007d5500000)
  object space 87040K, 99% used [0x0000000780000000,0x00000007854f5578,0x0000000785500000)
 PSPermGen       total 21504K, used 9528K [0x000000077ae00000, 0x000000077c300000, 0x0000000780000000)
  object space 21504K, 44% used [0x000000077ae00000,0x000000077b74e158,0x000000077c300000)
}
Event: 3338.023 GC heap before
{Heap before GC invocations=4481 (full 0):
 PSYoungGen      total 24576K, used 24192K [0x00000007d5500000, 0x00000007dd900000, 0x0000000800000000)
  eden space 24064K, 100% used [0x00000007d5500000,0x00000007d6c80000,0x00000007d6c80000)
  from space 512K, 25% used [0x00000007dd880000,0x00000007dd8a0000,0x00000007dd900000)
  to   space 512K, 0% used [0x00000007dd800000,0x00000007dd800000,0x00000007dd880000)
 ParOldGen       total 87040K, used 86997K [0x0000000780000000, 0x0000000785500000, 0x00000007d5500000)
  object space 87040K, 99% used [0x0000000780000000,0x00000007854f5578,0x0000000785500000)
 PSPermGen       total 21504K, used 9528K [0x000000077ae00000, 0x000000077c300000, 0x0000000780000000)
  object space 21504K, 44% used [0x000000077ae00000,0x000000077b74e158,0x000000077c300000)
Event: 3338.024 GC heap after
Heap after GC invocations=4481 (full 0):
 PSYoungGen      total 24576K, used 128K [0x00000007d5500000, 0x00000007dd900000, 0x0000000800000000)
  eden space 24064K, 0% used [0x00000007d5500000,0x00000007d5500000,0x00000007d6c80000)
  from space 512K, 25% used [0x00000007dd800000,0x00000007dd820000,0x00000007dd880000)
  to   space 512K, 0% used [0x00000007dd880000,0x00000007dd880000,0x00000007dd900000)
 ParOldGen       total 87040K, used 87021K [0x0000000780000000, 0x0000000785500000, 0x00000007d5500000)
  object space 87040K, 99% used [0x0000000780000000,0x00000007854fb578,0x0000000785500000)
 PSPermGen       total 21504K, used 9528K [0x000000077ae00000, 0x000000077c300000, 0x0000000780000000)
  object space 21504K, 44% used [0x000000077ae00000,0x000000077b74e158,0x000000077c300000)
}
Event: 3338.024 GC heap before
{Heap before GC invocations=4482 (full 1):
 PSYoungGen      total 24576K, used 128K [0x00000007d5500000, 0x00000007dd900000, 0x0000000800000000)
  eden space 24064K, 0% used [0x00000007d5500000,0x00000007d5500000,0x00000007d6c80000)
  from space 512K, 25% used [0x00000007dd800000,0x00000007dd820000,0x00000007dd880000)
  to   space 512K, 0% used [0x00000007dd880000,0x00000007dd880000,0x00000007dd900000)
 ParOldGen       total 87040K, used 87021K [0x0000000780000000, 0x0000000785500000, 0x00000007d5500000)
  object space 87040K, 99% used [0x0000000780000000,0x00000007854fb578,0x0000000785500000)
 PSPermGen       total 21504K, used 9528K [0x000000077ae00000, 0x000000077c300000, 0x0000000780000000)
  object space 21504K, 44% used [0x000000077ae00000,0x000000077b74e158,0x000000077c300000)
Event: 3338.088 GC heap after
Heap after GC invocations=4482 (full 1):
 PSYoungGen      total 24576K, used 0K [0x00000007d5500000, 0x00000007dd900000, 0x0000000800000000)
  eden space 24064K, 0% used [0x00000007d5500000,0x00000007d5500000,0x00000007d6c80000)
  from space 512K, 0% used [0x00000007dd800000,0x00000007dd800000,0x00000007dd880000)
  to   space 512K, 0% used [0x00000007dd880000,0x00000007dd880000,0x00000007dd900000)
 ParOldGen       total 43520K, used 9849K [0x0000000780000000, 0x0000000782a80000, 0x00000007d5500000)
  object space 43520K, 22% used [0x0000000780000000,0x000000078099e7d8,0x0000000782a80000)
 PSPermGen       total 21504K, used 9523K [0x000000077ae00000, 0x000000077c300000, 0x0000000780000000)
  object space 21504K, 44% used [0x000000077ae00000,0x000000077b74cdb8,0x000000077c300000)
}

