# JRE version: Java(TM) SE Runtime Environment (7.0_45-b18) (build 1.7.0_45-b18)
# Java VM: Java HotSpot(TM) 64-Bit Server VM (24.45-b08 mixed mode bsd-amd64 compressed oops)
Heap
 PSYoungGen      total 37376K, used 2464K [0x0000000164780000, 0x0000000167280000, 0x000000018f280000)
  eden space 32768K, 0% used [0x0000000164780000,0x00000001647ce5e0,0x0000000166780000)
  from space 4608K, 46% used [0x0000000166e00000,0x0000000167019a68,0x0000000167280000)
  to   space 5632K, 0% used [0x0000000166780000,0x0000000166780000,0x0000000166d00000)
 ParOldGen       total 87040K, used 461K [0x000000010f280000, 0x0000000114780000, 0x0000000164780000)
  object space 87040K, 0% used [0x000000010f280000,0x000000010f2f3690,0x0000000114780000)
 PSPermGen       total 21504K, used 9373K [0x000000010a080000, 0x000000010b580000, 0x000000010f280000)
  object space 21504K, 43% used [0x000000010a080000,0x000000010a9a74d8,0x000000010b580000)
GC Heap History (10 events):
Event: 2.257 GC heap before
{Heap before GC invocations=2 (full 0):
 PSYoungGen      total 38912K, used 38376K [0x0000000164780000, 0x0000000167280000, 0x000000018f280000)
  eden space 33792K, 98% used [0x0000000164780000,0x00000001667fe598,0x0000000166880000)
  from space 5120K, 99% used [0x0000000166880000,0x0000000166d7bb38,0x0000000166d80000)
  to   space 5120K, 0% used [0x0000000166d80000,0x0000000166d80000,0x0000000167280000)
 ParOldGen       total 87040K, used 437K [0x000000010f280000, 0x0000000114780000, 0x0000000164780000)
  object space 87040K, 0% used [0x000000010f280000,0x000000010f2ed690,0x0000000114780000)
 PSPermGen       total 21504K, used 8590K [0x000000010a080000, 0x000000010b580000, 0x000000010f280000)
  object space 21504K, 39% used [0x000000010a080000,0x000000010a8e3ae8,0x000000010b580000)
Event: 2.260 GC heap after
Heap after GC invocations=2 (full 0):
 PSYoungGen      total 38912K, used 2542K [0x0000000164780000, 0x0000000167280000, 0x000000018f280000)
  eden space 33792K, 0% used [0x0000000164780000,0x0000000164780000,0x0000000166880000)
  from space 5120K, 49% used [0x0000000166d80000,0x0000000166ffb8a0,0x0000000167280000)
  to   space 5120K, 0% used [0x0000000166880000,0x0000000166880000,0x0000000166d80000)
 ParOldGen       total 87040K, used 437K [0x000000010f280000, 0x0000000114780000, 0x0000000164780000)
  object space 87040K, 0% used [0x000000010f280000,0x000000010f2ed690,0x0000000114780000)
 PSPermGen       total 21504K, used 8590K [0x000000010a080000, 0x000000010b580000, 0x000000010f280000)
  object space 21504K, 39% used [0x000000010a080000,0x000000010a8e3ae8,0x000000010b580000)
}
Event: 6.427 GC heap before
{Heap before GC invocations=3 (full 0):
 PSYoungGen      total 38912K, used 36334K [0x0000000164780000, 0x0000000167280000, 0x000000018f280000)
  eden space 33792K, 100% used [0x0000000164780000,0x0000000166880000,0x0000000166880000)
  from space 5120K, 49% used [0x0000000166d80000,0x0000000166ffb8a0,0x0000000167280000)
  to   space 5120K, 0% used [0x0000000166880000,0x0000000166880000,0x0000000166d80000)
 ParOldGen       total 87040K, used 437K [0x000000010f280000, 0x0000000114780000, 0x0000000164780000)
  object space 87040K, 0% used [0x000000010f280000,0x000000010f2ed690,0x0000000114780000)
 PSPermGen       total 21504K, used 9302K [0x000000010a080000, 0x000000010b580000, 0x000000010f280000)
  object space 21504K, 43% used [0x000000010a080000,0x000000010a995af0,0x000000010b580000)
Event: 6.430 GC heap after
Heap after GC invocations=3 (full 0):
 PSYoungGen      total 38912K, used 2269K [0x0000000164780000, 0x0000000167280000, 0x000000018f280000)
  eden space 33792K, 0% used [0x0000000164780000,0x0000000164780000,0x0000000166880000)
  from space 5120K, 44% used [0x0000000166880000,0x0000000166ab75c8,0x0000000166d80000)
  to   space 5120K, 0% used [0x0000000166d80000,0x0000000166d80000,0x0000000167280000)
 ParOldGen       total 87040K, used 445K [0x000000010f280000, 0x0000000114780000, 0x0000000164780000)
  object space 87040K, 0% used [0x000000010f280000,0x000000010f2ef690,0x0000000114780000)
 PSPermGen       total 21504K, used 9302K [0x000000010a080000, 0x000000010b580000, 0x000000010f280000)
  object space 21504K, 43% used [0x000000010a080000,0x000000010a995af0,0x000000010b580000)
}
Event: 9.912 GC heap before
{Heap before GC invocations=4 (full 0):
 PSYoungGen      total 38912K, used 36061K [0x0000000164780000, 0x0000000167280000, 0x000000018f280000)
  eden space 33792K, 100% used [0x0000000164780000,0x0000000166880000,0x0000000166880000)
  from space 5120K, 44% used [0x0000000166880000,0x0000000166ab75c8,0x0000000166d80000)
  to   space 5120K, 0% used [0x0000000166d80000,0x0000000166d80000,0x0000000167280000)
 ParOldGen       total 87040K, used 445K [0x000000010f280000, 0x0000000114780000, 0x0000000164780000)
  object space 87040K, 0% used [0x000000010f280000,0x000000010f2ef690,0x0000000114780000)
 PSPermGen       total 21504K, used 9333K [0x000000010a080000, 0x000000010b580000, 0x000000010f280000)
  object space 21504K, 43% used [0x000000010a080000,0x000000010a99d538,0x000000010b580000)
Event: 9.915 GC heap after
Heap after GC invocations=4 (full 0):
 PSYoungGen      total 38912K, used 2056K [0x0000000164780000, 0x0000000167280000, 0x000000018f280000)
  eden space 33792K, 0% used [0x0000000164780000,0x0000000164780000,0x0000000166880000)
  from space 5120K, 40% used [0x0000000166d80000,0x0000000166f82250,0x0000000167280000)
  to   space 5120K, 0% used [0x0000000166880000,0x0000000166880000,0x0000000166d80000)
 ParOldGen       total 87040K, used 453K [0x000000010f280000, 0x0000000114780000, 0x0000000164780000)
  object space 87040K, 0% used [0x000000010f280000,0x000000010f2f1690,0x0000000114780000)
 PSPermGen       total 21504K, used 9333K [0x000000010a080000, 0x000000010b580000, 0x000000010f280000)
  object space 21504K, 43% used [0x000000010a080000,0x000000010a99d538,0x000000010b580000)
}
Event: 13.514 GC heap before
{Heap before GC invocations=5 (full 0):
 PSYoungGen      total 38912K, used 35848K [0x0000000164780000, 0x0000000167280000, 0x000000018f280000)
  eden space 33792K, 100% used [0x0000000164780000,0x0000000166880000,0x0000000166880000)
  from space 5120K, 40% used [0x0000000166d80000,0x0000000166f82250,0x0000000167280000)
  to   space 5120K, 0% used [0x0000000166880000,0x0000000166880000,0x0000000166d80000)
 ParOldGen       total 87040K, used 453K [0x000000010f280000, 0x0000000114780000, 0x0000000164780000)
  object space 87040K, 0% used [0x000000010f280000,0x000000010f2f1690,0x0000000114780000)
 PSPermGen       total 21504K, used 9362K [0x000000010a080000, 0x000000010b580000, 0x000000010f280000)
  object space 21504K, 43% used [0x000000010a080000,0x000000010a9a4ab0,0x000000010b580000)
Event: 13.517 GC heap after
Heap after GC invocations=5 (full 0):
 PSYoungGen      total 38400K, used 2072K [0x0000000164780000, 0x0000000167400000, 0x000000018f280000)
  eden space 33280K, 0% used [0x0000000164780000,0x0000000164780000,0x0000000166800000)
  from space 5120K, 40% used [0x0000000166880000,0x0000000166a86260,0x0000000166d80000)
  to   space 6144K, 0% used [0x0000000166e00000,0x0000000166e00000,0x0000000167400000)
 ParOldGen       total 87040K, used 453K [0x000000010f280000, 0x0000000114780000, 0x0000000164780000)
  object space 87040K, 0% used [0x000000010f280000,0x000000010f2f1690,0x0000000114780000)
 PSPermGen       total 21504K, used 9362K [0x000000010a080000, 0x000000010b580000, 0x000000010f280000)
  object space 21504K, 43% used [0x000000010a080000,0x000000010a9a4ab0,0x000000010b580000)
}
Event: 16.716 GC heap before
{Heap before GC invocations=6 (full 0):
 PSYoungGen      total 38400K, used 35352K [0x0000000164780000, 0x0000000167400000, 0x000000018f280000)
  eden space 33280K, 100% used [0x0000000164780000,0x0000000166800000,0x0000000166800000)
  from space 5120K, 40% used [0x0000000166880000,0x0000000166a86260,0x0000000166d80000)
  to   space 6144K, 0% used [0x0000000166e00000,0x0000000166e00000,0x0000000167400000)
 ParOldGen       total 87040K, used 453K [0x000000010f280000, 0x0000000114780000, 0x0000000164780000)
  object space 87040K, 0% used [0x000000010f280000,0x000000010f2f1690,0x0000000114780000)
 PSPermGen       total 21504K, used 9373K [0x000000010a080000, 0x000000010b580000, 0x000000010f280000)
  object space 21504K, 43% used [0x000000010a080000,0x000000010a9a74d8,0x000000010b580000)
Event: 16.719 GC heap after
Heap after GC invocations=6 (full 0):
 PSYoungGen      total 37376K, used 2150K [0x0000000164780000, 0x0000000167280000, 0x000000018f280000)
  eden space 32768K, 0% used [0x0000000164780000,0x0000000164780000,0x0000000166780000)
  from space 4608K, 46% used [0x0000000166e00000,0x0000000167019a68,0x0000000167280000)
  to   space 5632K, 0% used [0x0000000166780000,0x0000000166780000,0x0000000166d00000)
 ParOldGen       total 87040K, used 461K [0x000000010f280000, 0x0000000114780000, 0x0000000164780000)
  object space 87040K, 0% used [0x000000010f280000,0x000000010f2f3690,0x0000000114780000)
 PSPermGen       total 21504K, used 9373K [0x000000010a080000, 0x000000010b580000, 0x000000010f280000)
  object space 21504K, 43% used [0x000000010a080000,0x000000010a9a74d8,0x000000010b580000)
}

