# JRE version: Java(TM) SE Runtime Environment (7.0_45-b18) (build 1.7.0_45-b18)
# Java VM: Java HotSpot(TM) 64-Bit Server VM (24.45-b08 mixed mode bsd-amd64 compressed oops)
Heap
 PSYoungGen      total 38912K, used 5690K [0x000000016d400000, 0x000000016ff00000, 0x0000000197f00000)
  eden space 33792K, 1% used [0x000000016d400000,0x000000016d4904d0,0x000000016f500000)
  from space 5120K, 99% used [0x000000016f500000,0x000000016f9fe6e0,0x000000016fa00000)
  to   space 5120K, 0% used [0x000000016fa00000,0x000000016fa00000,0x000000016ff00000)
 ParOldGen       total 87040K, used 506K [0x0000000117f00000, 0x000000011d400000, 0x000000016d400000)
  object space 87040K, 0% used [0x0000000117f00000,0x0000000117f7eb98,0x000000011d400000)
 PSPermGen       total 21504K, used 9290K [0x0000000112d00000, 0x0000000114200000, 0x0000000117f00000)
  object space 21504K, 43% used [0x0000000112d00000,0x0000000113612b88,0x0000000114200000)
GC Heap History (6 events):
Event: 1.864 GC heap before
{Heap before GC invocations=1 (full 0):
 PSYoungGen      total 38912K, used 32843K [0x000000016d400000, 0x000000016ff00000, 0x0000000197f00000)
  eden space 33792K, 97% used [0x000000016d400000,0x000000016f412f10,0x000000016f500000)
  from space 5120K, 0% used [0x000000016fa00000,0x000000016fa00000,0x000000016ff00000)
  to   space 5120K, 0% used [0x000000016f500000,0x000000016f500000,0x000000016fa00000)
 ParOldGen       total 87040K, used 0K [0x0000000117f00000, 0x000000011d400000, 0x000000016d400000)
  object space 87040K, 0% used [0x0000000117f00000,0x0000000117f00000,0x000000011d400000)
 PSPermGen       total 21504K, used 8585K [0x0000000112d00000, 0x0000000114200000, 0x0000000117f00000)
  object space 21504K, 39% used [0x0000000112d00000,0x00000001135624d0,0x0000000114200000)
Event: 1.868 GC heap after
Heap after GC invocations=1 (full 0):
 PSYoungGen      total 38912K, used 5102K [0x000000016d400000, 0x000000016ff00000, 0x0000000197f00000)
  eden space 33792K, 0% used [0x000000016d400000,0x000000016d400000,0x000000016f500000)
  from space 5120K, 99% used [0x000000016f500000,0x000000016f9fbb38,0x000000016fa00000)
  to   space 5120K, 0% used [0x000000016fa00000,0x000000016fa00000,0x000000016ff00000)
 ParOldGen       total 87040K, used 437K [0x0000000117f00000, 0x000000011d400000, 0x000000016d400000)
  object space 87040K, 0% used [0x0000000117f00000,0x0000000117f6d690,0x000000011d400000)
 PSPermGen       total 21504K, used 8585K [0x0000000112d00000, 0x0000000114200000, 0x0000000117f00000)
  object space 21504K, 39% used [0x0000000112d00000,0x00000001135624d0,0x0000000114200000)
}
Event: 2.227 GC heap before
{Heap before GC invocations=2 (full 0):
 PSYoungGen      total 38912K, used 38376K [0x000000016d400000, 0x000000016ff00000, 0x0000000197f00000)
  eden space 33792K, 98% used [0x000000016d400000,0x000000016f47e598,0x000000016f500000)
  from space 5120K, 99% used [0x000000016f500000,0x000000016f9fbb38,0x000000016fa00000)
  to   space 5120K, 0% used [0x000000016fa00000,0x000000016fa00000,0x000000016ff00000)
 ParOldGen       total 87040K, used 437K [0x0000000117f00000, 0x000000011d400000, 0x000000016d400000)
  object space 87040K, 0% used [0x0000000117f00000,0x0000000117f6d690,0x000000011d400000)
 PSPermGen       total 21504K, used 8588K [0x0000000112d00000, 0x0000000114200000, 0x0000000117f00000)
  object space 21504K, 39% used [0x0000000112d00000,0x00000001135633f8,0x0000000114200000)
Event: 2.229 GC heap after
Heap after GC invocations=2 (full 0):
 PSYoungGen      total 38912K, used 2558K [0x000000016d400000, 0x000000016ff00000, 0x0000000197f00000)
  eden space 33792K, 0% used [0x000000016d400000,0x000000016d400000,0x000000016f500000)
  from space 5120K, 49% used [0x000000016fa00000,0x000000016fc7f8b0,0x000000016ff00000)
  to   space 5120K, 0% used [0x000000016f500000,0x000000016f500000,0x000000016fa00000)
 ParOldGen       total 87040K, used 437K [0x0000000117f00000, 0x000000011d400000, 0x000000016d400000)
  object space 87040K, 0% used [0x0000000117f00000,0x0000000117f6d690,0x000000011d400000)
 PSPermGen       total 21504K, used 8588K [0x0000000112d00000, 0x0000000114200000, 0x0000000117f00000)
  object space 21504K, 39% used [0x0000000112d00000,0x00000001135633f8,0x0000000114200000)
}
Event: 10.189 GC heap before
{Heap before GC invocations=3 (full 0):
 PSYoungGen      total 38912K, used 36350K [0x000000016d400000, 0x000000016ff00000, 0x0000000197f00000)
  eden space 33792K, 100% used [0x000000016d400000,0x000000016f500000,0x000000016f500000)
  from space 5120K, 49% used [0x000000016fa00000,0x000000016fc7f8b0,0x000000016ff00000)
  to   space 5120K, 0% used [0x000000016f500000,0x000000016f500000,0x000000016fa00000)
 ParOldGen       total 87040K, used 437K [0x0000000117f00000, 0x000000011d400000, 0x000000016d400000)
  object space 87040K, 0% used [0x0000000117f00000,0x0000000117f6d690,0x000000011d400000)
 PSPermGen       total 21504K, used 9290K [0x0000000112d00000, 0x0000000114200000, 0x0000000117f00000)
  object space 21504K, 43% used [0x0000000112d00000,0x0000000113612b88,0x0000000114200000)
Event: 10.193 GC heap after
Heap after GC invocations=3 (full 0):
 PSYoungGen      total 38912K, used 5113K [0x000000016d400000, 0x000000016ff00000, 0x0000000197f00000)
  eden space 33792K, 0% used [0x000000016d400000,0x000000016d400000,0x000000016f500000)
  from space 5120K, 99% used [0x000000016f500000,0x000000016f9fe6e0,0x000000016fa00000)
  to   space 5120K, 0% used [0x000000016fa00000,0x000000016fa00000,0x000000016ff00000)
 ParOldGen       total 87040K, used 506K [0x0000000117f00000, 0x000000011d400000, 0x000000016d400000)
  object space 87040K, 0% used [0x0000000117f00000,0x0000000117f7eb98,0x000000011d400000)
 PSPermGen       total 21504K, used 9290K [0x0000000112d00000, 0x0000000114200000, 0x0000000117f00000)
  object space 21504K, 43% used [0x0000000112d00000,0x0000000113612b88,0x0000000114200000)
}

