# JRE version: Java(TM) SE Runtime Environment (7.0_45-b18) (build 1.7.0_45-b18)
# Java VM: Java HotSpot(TM) 64-Bit Server VM (24.45-b08 mixed mode bsd-amd64 compressed oops)
Heap
 PSYoungGen      total 37376K, used 2721K [0x00000007d5500000, 0x00000007d8000000, 0x0000000800000000)
  eden space 32768K, 1% used [0x00000007d5500000,0x00000007d5591618,0x00000007d7500000)
  from space 4608K, 46% used [0x00000007d7b80000,0x00000007d7d96ff8,0x00000007d8000000)
  to   space 5632K, 0% used [0x00000007d7500000,0x00000007d7500000,0x00000007d7a80000)
 ParOldGen       total 87040K, used 469K [0x0000000780000000, 0x0000000785500000, 0x00000007d5500000)
  object space 87040K, 0% used [0x0000000780000000,0x0000000780075690,0x0000000785500000)
 PSPermGen       total 21504K, used 9372K [0x000000077ae00000, 0x000000077c300000, 0x0000000780000000)
  object space 21504K, 43% used [0x000000077ae00000,0x000000077b7270c8,0x000000077c300000)
GC Heap History (10 events):
Event: 2.309 GC heap before
{Heap before GC invocations=2 (full 0):
 PSYoungGen      total 38912K, used 38392K [0x00000007d5500000, 0x00000007d8000000, 0x0000000800000000)
  eden space 33792K, 98% used [0x00000007d5500000,0x00000007d757e598,0x00000007d7600000)
  from space 5120K, 99% used [0x00000007d7600000,0x00000007d7affb28,0x00000007d7b00000)
  to   space 5120K, 0% used [0x00000007d7b00000,0x00000007d7b00000,0x00000007d8000000)
 ParOldGen       total 87040K, used 437K [0x0000000780000000, 0x0000000785500000, 0x00000007d5500000)
  object space 87040K, 0% used [0x0000000780000000,0x000000078006d690,0x0000000785500000)
 PSPermGen       total 21504K, used 8590K [0x000000077ae00000, 0x000000077c300000, 0x0000000780000000)
  object space 21504K, 39% used [0x000000077ae00000,0x000000077b663ad8,0x000000077c300000)
Event: 2.313 GC heap after
Heap after GC invocations=2 (full 0):
 PSYoungGen      total 38912K, used 2542K [0x00000007d5500000, 0x00000007d8000000, 0x0000000800000000)
  eden space 33792K, 0% used [0x00000007d5500000,0x00000007d5500000,0x00000007d7600000)
  from space 5120K, 49% used [0x00000007d7b00000,0x00000007d7d7b8a0,0x00000007d8000000)
  to   space 5120K, 0% used [0x00000007d7600000,0x00000007d7600000,0x00000007d7b00000)
 ParOldGen       total 87040K, used 445K [0x0000000780000000, 0x0000000785500000, 0x00000007d5500000)
  object space 87040K, 0% used [0x0000000780000000,0x000000078006f690,0x0000000785500000)
 PSPermGen       total 21504K, used 8590K [0x000000077ae00000, 0x000000077c300000, 0x0000000780000000)
  object space 21504K, 39% used [0x000000077ae00000,0x000000077b663ad8,0x000000077c300000)
}
Event: 6.558 GC heap before
{Heap before GC invocations=3 (full 0):
 PSYoungGen      total 38912K, used 36334K [0x00000007d5500000, 0x00000007d8000000, 0x0000000800000000)
  eden space 33792K, 100% used [0x00000007d5500000,0x00000007d7600000,0x00000007d7600000)
  from space 5120K, 49% used [0x00000007d7b00000,0x00000007d7d7b8a0,0x00000007d8000000)
  to   space 5120K, 0% used [0x00000007d7600000,0x00000007d7600000,0x00000007d7b00000)
 ParOldGen       total 87040K, used 445K [0x0000000780000000, 0x0000000785500000, 0x00000007d5500000)
  object space 87040K, 0% used [0x0000000780000000,0x000000078006f690,0x0000000785500000)
 PSPermGen       total 21504K, used 9307K [0x000000077ae00000, 0x000000077c300000, 0x0000000780000000)
  object space 21504K, 43% used [0x000000077ae00000,0x000000077b716e58,0x000000077c300000)
Event: 6.561 GC heap after
Heap after GC invocations=3 (full 0):
 PSYoungGen      total 38912K, used 2290K [0x00000007d5500000, 0x00000007d8000000, 0x0000000800000000)
  eden space 33792K, 0% used [0x00000007d5500000,0x00000007d5500000,0x00000007d7600000)
  from space 5120K, 44% used [0x00000007d7600000,0x00000007d783cb08,0x00000007d7b00000)
  to   space 5120K, 0% used [0x00000007d7b00000,0x00000007d7b00000,0x00000007d8000000)
 ParOldGen       total 87040K, used 445K [0x0000000780000000, 0x0000000785500000, 0x00000007d5500000)
  object space 87040K, 0% used [0x0000000780000000,0x000000078006f690,0x0000000785500000)
 PSPermGen       total 21504K, used 9307K [0x000000077ae00000, 0x000000077c300000, 0x0000000780000000)
  object space 21504K, 43% used [0x000000077ae00000,0x000000077b716e58,0x000000077c300000)
}
Event: 10.042 GC heap before
{Heap before GC invocations=4 (full 0):
 PSYoungGen      total 38912K, used 36082K [0x00000007d5500000, 0x00000007d8000000, 0x0000000800000000)
  eden space 33792K, 100% used [0x00000007d5500000,0x00000007d7600000,0x00000007d7600000)
  from space 5120K, 44% used [0x00000007d7600000,0x00000007d783cb08,0x00000007d7b00000)
  to   space 5120K, 0% used [0x00000007d7b00000,0x00000007d7b00000,0x00000007d8000000)
 ParOldGen       total 87040K, used 445K [0x0000000780000000, 0x0000000785500000, 0x00000007d5500000)
  object space 87040K, 0% used [0x0000000780000000,0x000000078006f690,0x0000000785500000)
 PSPermGen       total 21504K, used 9333K [0x000000077ae00000, 0x000000077c300000, 0x0000000780000000)
  object space 21504K, 43% used [0x000000077ae00000,0x000000077b71d5c8,0x000000077c300000)
Event: 10.045 GC heap after
Heap after GC invocations=4 (full 0):
 PSYoungGen      total 38912K, used 2088K [0x00000007d5500000, 0x00000007d8000000, 0x0000000800000000)
  eden space 33792K, 0% used [0x00000007d5500000,0x00000007d5500000,0x00000007d7600000)
  from space 5120K, 40% used [0x00000007d7b00000,0x00000007d7d0a250,0x00000007d8000000)
  to   space 5120K, 0% used [0x00000007d7600000,0x00000007d7600000,0x00000007d7b00000)
 ParOldGen       total 87040K, used 453K [0x0000000780000000, 0x0000000785500000, 0x00000007d5500000)
  object space 87040K, 0% used [0x0000000780000000,0x0000000780071690,0x0000000785500000)
 PSPermGen       total 21504K, used 9333K [0x000000077ae00000, 0x000000077c300000, 0x0000000780000000)
  object space 21504K, 43% used [0x000000077ae00000,0x000000077b71d5c8,0x000000077c300000)
}
Event: 13.550 GC heap before
{Heap before GC invocations=5 (full 0):
 PSYoungGen      total 38912K, used 35880K [0x00000007d5500000, 0x00000007d8000000, 0x0000000800000000)
  eden space 33792K, 100% used [0x00000007d5500000,0x00000007d7600000,0x00000007d7600000)
  from space 5120K, 40% used [0x00000007d7b00000,0x00000007d7d0a250,0x00000007d8000000)
  to   space 5120K, 0% used [0x00000007d7600000,0x00000007d7600000,0x00000007d7b00000)
 ParOldGen       total 87040K, used 453K [0x0000000780000000, 0x0000000785500000, 0x00000007d5500000)
  object space 87040K, 0% used [0x0000000780000000,0x0000000780071690,0x0000000785500000)
 PSPermGen       total 21504K, used 9360K [0x000000077ae00000, 0x000000077c300000, 0x0000000780000000)
  object space 21504K, 43% used [0x000000077ae00000,0x000000077b7242c8,0x000000077c300000)
Event: 13.553 GC heap after
Heap after GC invocations=5 (full 0):
 PSYoungGen      total 38400K, used 2088K [0x00000007d5500000, 0x00000007d8180000, 0x0000000800000000)
  eden space 33280K, 0% used [0x00000007d5500000,0x00000007d5500000,0x00000007d7580000)
  from space 5120K, 40% used [0x00000007d7600000,0x00000007d780a250,0x00000007d7b00000)
  to   space 6144K, 0% used [0x00000007d7b80000,0x00000007d7b80000,0x00000007d8180000)
 ParOldGen       total 87040K, used 461K [0x0000000780000000, 0x0000000785500000, 0x00000007d5500000)
  object space 87040K, 0% used [0x0000000780000000,0x0000000780073690,0x0000000785500000)
 PSPermGen       total 21504K, used 9360K [0x000000077ae00000, 0x000000077c300000, 0x0000000780000000)
  object space 21504K, 43% used [0x000000077ae00000,0x000000077b7242c8,0x000000077c300000)
}
Event: 16.539 GC heap before
{Heap before GC invocations=6 (full 0):
 PSYoungGen      total 38400K, used 35368K [0x00000007d5500000, 0x00000007d8180000, 0x0000000800000000)
  eden space 33280K, 100% used [0x00000007d5500000,0x00000007d7580000,0x00000007d7580000)
  from space 5120K, 40% used [0x00000007d7600000,0x00000007d780a250,0x00000007d7b00000)
  to   space 6144K, 0% used [0x00000007d7b80000,0x00000007d7b80000,0x00000007d8180000)
 ParOldGen       total 87040K, used 461K [0x0000000780000000, 0x0000000785500000, 0x00000007d5500000)
  object space 87040K, 0% used [0x0000000780000000,0x0000000780073690,0x0000000785500000)
 PSPermGen       total 21504K, used 9372K [0x000000077ae00000, 0x000000077c300000, 0x0000000780000000)
  object space 21504K, 43% used [0x000000077ae00000,0x000000077b7270c8,0x000000077c300000)
Event: 16.542 GC heap after
Heap after GC invocations=6 (full 0):
 PSYoungGen      total 37376K, used 2139K [0x00000007d5500000, 0x00000007d8000000, 0x0000000800000000)
  eden space 32768K, 0% used [0x00000007d5500000,0x00000007d5500000,0x00000007d7500000)
  from space 4608K, 46% used [0x00000007d7b80000,0x00000007d7d96ff8,0x00000007d8000000)
  to   space 5632K, 0% used [0x00000007d7500000,0x00000007d7500000,0x00000007d7a80000)
 ParOldGen       total 87040K, used 469K [0x0000000780000000, 0x0000000785500000, 0x00000007d5500000)
  object space 87040K, 0% used [0x0000000780000000,0x0000000780075690,0x0000000785500000)
 PSPermGen       total 21504K, used 9372K [0x000000077ae00000, 0x000000077c300000, 0x0000000780000000)
  object space 21504K, 43% used [0x000000077ae00000,0x000000077b7270c8,0x000000077c300000)
}

