# JRE version: Java(TM) SE Runtime Environment (7.0_45-b18) (build 1.7.0_45-b18)
# Java VM: Java HotSpot(TM) 64-Bit Server VM (24.45-b08 mixed mode bsd-amd64 compressed oops)
Heap
 PSYoungGen      total 38400K, used 2953K [0x0000000164a00000, 0x0000000167580000, 0x000000018f500000)
  eden space 33280K, 1% used [0x0000000164a00000,0x0000000164a9e0d0,0x0000000166a80000)
  from space 5120K, 45% used [0x0000000166b00000,0x0000000166d44520,0x0000000167000000)
  to   space 5632K, 0% used [0x0000000167000000,0x0000000167000000,0x0000000167580000)
 ParOldGen       total 87040K, used 441K [0x000000010f500000, 0x0000000114a00000, 0x0000000164a00000)
  object space 87040K, 0% used [0x000000010f500000,0x000000010f56e700,0x0000000114a00000)
 PSPermGen       total 21504K, used 9380K [0x000000010a300000, 0x000000010b800000, 0x000000010f500000)
  object space 21504K, 43% used [0x000000010a300000,0x000000010ac29360,0x000000010b800000)
GC Heap History (10 events):
Event: 1.839 GC heap before
{Heap before GC invocations=1 (full 0):
 PSYoungGen      total 38912K, used 32845K [0x0000000164a00000, 0x0000000167500000, 0x000000018f500000)
  eden space 33792K, 97% used [0x0000000164a00000,0x0000000166a13570,0x0000000166b00000)
  from space 5120K, 0% used [0x0000000167000000,0x0000000167000000,0x0000000167500000)
  to   space 5120K, 0% used [0x0000000166b00000,0x0000000166b00000,0x0000000167000000)
 ParOldGen       total 87040K, used 0K [0x000000010f500000, 0x0000000114a00000, 0x0000000164a00000)
  object space 87040K, 0% used [0x000000010f500000,0x000000010f500000,0x0000000114a00000)
 PSPermGen       total 21504K, used 8587K [0x000000010a300000, 0x000000010b800000, 0x000000010f500000)
  object space 21504K, 39% used [0x000000010a300000,0x000000010ab62c30,0x000000010b800000)
Event: 1.844 GC heap after
Heap after GC invocations=1 (full 0):
 PSYoungGen      total 38912K, used 5098K [0x0000000164a00000, 0x0000000167500000, 0x000000018f500000)
  eden space 33792K, 0% used [0x0000000164a00000,0x0000000164a00000,0x0000000166b00000)
  from space 5120K, 99% used [0x0000000166b00000,0x0000000166ffaac8,0x0000000167000000)
  to   space 5120K, 0% used [0x0000000167000000,0x0000000167000000,0x0000000167500000)
 ParOldGen       total 87040K, used 409K [0x000000010f500000, 0x0000000114a00000, 0x0000000164a00000)
  object space 87040K, 0% used [0x000000010f500000,0x000000010f566700,0x0000000114a00000)
 PSPermGen       total 21504K, used 8587K [0x000000010a300000, 0x000000010b800000, 0x000000010f500000)
  object space 21504K, 39% used [0x000000010a300000,0x000000010ab62c30,0x000000010b800000)
}
Event: 2.202 GC heap before
{Heap before GC invocations=2 (full 0):
 PSYoungGen      total 38912K, used 38372K [0x0000000164a00000, 0x0000000167500000, 0x000000018f500000)
  eden space 33792K, 98% used [0x0000000164a00000,0x0000000166a7e598,0x0000000166b00000)
  from space 5120K, 99% used [0x0000000166b00000,0x0000000166ffaac8,0x0000000167000000)
  to   space 5120K, 0% used [0x0000000167000000,0x0000000167000000,0x0000000167500000)
 ParOldGen       total 87040K, used 409K [0x000000010f500000, 0x0000000114a00000, 0x0000000164a00000)
  object space 87040K, 0% used [0x000000010f500000,0x000000010f566700,0x0000000114a00000)
 PSPermGen       total 21504K, used 8590K [0x000000010a300000, 0x000000010b800000, 0x000000010f500000)
  object space 21504K, 39% used [0x000000010a300000,0x000000010ab63ab0,0x000000010b800000)
Event: 2.205 GC heap after
Heap after GC invocations=2 (full 0):
 PSYoungGen      total 38912K, used 2510K [0x0000000164a00000, 0x0000000167500000, 0x000000018f500000)
  eden space 33792K, 0% used [0x0000000164a00000,0x0000000164a00000,0x0000000166b00000)
  from space 5120K, 49% used [0x0000000167000000,0x00000001672738a0,0x0000000167500000)
  to   space 5120K, 0% used [0x0000000166b00000,0x0000000166b00000,0x0000000167000000)
 ParOldGen       total 87040K, used 417K [0x000000010f500000, 0x0000000114a00000, 0x0000000164a00000)
  object space 87040K, 0% used [0x000000010f500000,0x000000010f568700,0x0000000114a00000)
 PSPermGen       total 21504K, used 8590K [0x000000010a300000, 0x000000010b800000, 0x000000010f500000)
  object space 21504K, 39% used [0x000000010a300000,0x000000010ab63ab0,0x000000010b800000)
}
Event: 8.977 GC heap before
{Heap before GC invocations=3 (full 0):
 PSYoungGen      total 38912K, used 36302K [0x0000000164a00000, 0x0000000167500000, 0x000000018f500000)
  eden space 33792K, 100% used [0x0000000164a00000,0x0000000166b00000,0x0000000166b00000)
  from space 5120K, 49% used [0x0000000167000000,0x00000001672738a0,0x0000000167500000)
  to   space 5120K, 0% used [0x0000000166b00000,0x0000000166b00000,0x0000000167000000)
 ParOldGen       total 87040K, used 417K [0x000000010f500000, 0x0000000114a00000, 0x0000000164a00000)
  object space 87040K, 0% used [0x000000010f500000,0x000000010f568700,0x0000000114a00000)
 PSPermGen       total 21504K, used 9322K [0x000000010a300000, 0x000000010b800000, 0x000000010f500000)
  object space 21504K, 43% used [0x000000010a300000,0x000000010ac1a838,0x000000010b800000)
Event: 8.980 GC heap after
Heap after GC invocations=3 (full 0):
 PSYoungGen      total 38912K, used 2370K [0x0000000164a00000, 0x0000000167500000, 0x000000018f500000)
  eden space 33792K, 0% used [0x0000000164a00000,0x0000000164a00000,0x0000000166b00000)
  from space 5120K, 46% used [0x0000000166b00000,0x0000000166d50b18,0x0000000167000000)
  to   space 5120K, 0% used [0x0000000167000000,0x0000000167000000,0x0000000167500000)
 ParOldGen       total 87040K, used 425K [0x000000010f500000, 0x0000000114a00000, 0x0000000164a00000)
  object space 87040K, 0% used [0x000000010f500000,0x000000010f56a700,0x0000000114a00000)
 PSPermGen       total 21504K, used 9322K [0x000000010a300000, 0x000000010b800000, 0x000000010f500000)
  object space 21504K, 43% used [0x000000010a300000,0x000000010ac1a838,0x000000010b800000)
}
Event: 15.803 GC heap before
{Heap before GC invocations=4 (full 0):
 PSYoungGen      total 38912K, used 36162K [0x0000000164a00000, 0x0000000167500000, 0x000000018f500000)
  eden space 33792K, 100% used [0x0000000164a00000,0x0000000166b00000,0x0000000166b00000)
  from space 5120K, 46% used [0x0000000166b00000,0x0000000166d50b18,0x0000000167000000)
  to   space 5120K, 0% used [0x0000000167000000,0x0000000167000000,0x0000000167500000)
 ParOldGen       total 87040K, used 425K [0x000000010f500000, 0x0000000114a00000, 0x0000000164a00000)
  object space 87040K, 0% used [0x000000010f500000,0x000000010f56a700,0x0000000114a00000)
 PSPermGen       total 21504K, used 9365K [0x000000010a300000, 0x000000010b800000, 0x000000010f500000)
  object space 21504K, 43% used [0x000000010a300000,0x000000010ac25490,0x000000010b800000)
Event: 15.807 GC heap after
Heap after GC invocations=4 (full 0):
 PSYoungGen      total 38912K, used 2776K [0x0000000164a00000, 0x0000000167500000, 0x000000018f500000)
  eden space 33792K, 0% used [0x0000000164a00000,0x0000000164a00000,0x0000000166b00000)
  from space 5120K, 54% used [0x0000000167000000,0x00000001672b6260,0x0000000167500000)
  to   space 5120K, 0% used [0x0000000166b00000,0x0000000166b00000,0x0000000167000000)
 ParOldGen       total 87040K, used 433K [0x000000010f500000, 0x0000000114a00000, 0x0000000164a00000)
  object space 87040K, 0% used [0x000000010f500000,0x000000010f56c700,0x0000000114a00000)
 PSPermGen       total 21504K, used 9365K [0x000000010a300000, 0x000000010b800000, 0x000000010f500000)
  object space 21504K, 43% used [0x000000010a300000,0x000000010ac25490,0x000000010b800000)
}
Event: 20.212 GC heap before
{Heap before GC invocations=5 (full 0):
 PSYoungGen      total 38912K, used 36568K [0x0000000164a00000, 0x0000000167500000, 0x000000018f500000)
  eden space 33792K, 100% used [0x0000000164a00000,0x0000000166b00000,0x0000000166b00000)
  from space 5120K, 54% used [0x0000000167000000,0x00000001672b6260,0x0000000167500000)
  to   space 5120K, 0% used [0x0000000166b00000,0x0000000166b00000,0x0000000167000000)
 ParOldGen       total 87040K, used 433K [0x000000010f500000, 0x0000000114a00000, 0x0000000164a00000)
  object space 87040K, 0% used [0x000000010f500000,0x000000010f56c700,0x0000000114a00000)
 PSPermGen       total 21504K, used 9380K [0x000000010a300000, 0x000000010b800000, 0x000000010f500000)
  object space 21504K, 43% used [0x000000010a300000,0x000000010ac29360,0x000000010b800000)
Event: 20.215 GC heap after
Heap after GC invocations=5 (full 0):
 PSYoungGen      total 38400K, used 2321K [0x0000000164a00000, 0x0000000167580000, 0x000000018f500000)
  eden space 33280K, 0% used [0x0000000164a00000,0x0000000164a00000,0x0000000166a80000)
  from space 5120K, 45% used [0x0000000166b00000,0x0000000166d44520,0x0000000167000000)
  to   space 5632K, 0% used [0x0000000167000000,0x0000000167000000,0x0000000167580000)
 ParOldGen       total 87040K, used 441K [0x000000010f500000, 0x0000000114a00000, 0x0000000164a00000)
  object space 87040K, 0% used [0x000000010f500000,0x000000010f56e700,0x0000000114a00000)
 PSPermGen       total 21504K, used 9380K [0x000000010a300000, 0x000000010b800000, 0x000000010f500000)
  object space 21504K, 43% used [0x000000010a300000,0x000000010ac29360,0x000000010b800000)
}

